03-Mar-2020 15:51:19.511 INFO [main] org.apache.catalina.startup.VersionLoggerListener.log Server version name:   Apache Tomcat/9.0.24
03-Mar-2020 15:51:19.588 INFO [main] org.apache.catalina.startup.VersionLoggerListener.log Server built:          Aug 14 2019 21:16:42 UTC
03-Mar-2020 15:51:19.589 INFO [main] org.apache.catalina.startup.VersionLoggerListener.log Server version number: 9.0.24.0
03-Mar-2020 15:51:19.589 INFO [main] org.apache.catalina.startup.VersionLoggerListener.log OS Name:               Windows 10
03-Mar-2020 15:51:19.589 INFO [main] org.apache.catalina.startup.VersionLoggerListener.log OS Version:            10.0
03-Mar-2020 15:51:19.590 INFO [main] org.apache.catalina.startup.VersionLoggerListener.log Architecture:          amd64
03-Mar-2020 15:51:19.590 INFO [main] org.apache.catalina.startup.VersionLoggerListener.log Java Home:             C:\Program Files\Java\jre1.8.0_241
03-Mar-2020 15:51:19.591 INFO [main] org.apache.catalina.startup.VersionLoggerListener.log JVM Version:           1.8.0_241-b07
03-Mar-2020 15:51:19.591 INFO [main] org.apache.catalina.startup.VersionLoggerListener.log JVM Vendor:            Oracle Corporation
03-Mar-2020 15:51:19.592 INFO [main] org.apache.catalina.startup.VersionLoggerListener.log CATALINA_BASE:         C:\Users\Joseph\AndroidStudioProjects\turbo_jank\PhotoGallery\tomcat
03-Mar-2020 15:51:19.592 INFO [main] org.apache.catalina.startup.VersionLoggerListener.log CATALINA_HOME:         C:\Users\Joseph\AndroidStudioProjects\turbo_jank\PhotoGallery\tomcat
03-Mar-2020 15:51:19.596 INFO [main] org.apache.catalina.startup.VersionLoggerListener.log Command line argument: -Djava.util.logging.config.file=C:\Users\Joseph\AndroidStudioProjects\turbo_jank\PhotoGallery\tomcat\conf\logging.properties
03-Mar-2020 15:51:19.597 INFO [main] org.apache.catalina.startup.VersionLoggerListener.log Command line argument: -Djava.util.logging.manager=org.apache.juli.ClassLoaderLogManager
03-Mar-2020 15:51:19.598 INFO [main] org.apache.catalina.startup.VersionLoggerListener.log Command line argument: -Djdk.tls.ephemeralDHKeySize=2048
03-Mar-2020 15:51:19.607 INFO [main] org.apache.catalina.startup.VersionLoggerListener.log Command line argument: -Djava.protocol.handler.pkgs=org.apache.catalina.webresources
03-Mar-2020 15:51:19.608 INFO [main] org.apache.catalina.startup.VersionLoggerListener.log Command line argument: -Dignore.endorsed.dirs=
03-Mar-2020 15:51:19.608 INFO [main] org.apache.catalina.startup.VersionLoggerListener.log Command line argument: -Dcatalina.base=C:\Users\Joseph\AndroidStudioProjects\turbo_jank\PhotoGallery\tomcat
03-Mar-2020 15:51:19.612 INFO [main] org.apache.catalina.startup.VersionLoggerListener.log Command line argument: -Dcatalina.home=C:\Users\Joseph\AndroidStudioProjects\turbo_jank\PhotoGallery\tomcat
03-Mar-2020 15:51:19.616 INFO [main] org.apache.catalina.startup.VersionLoggerListener.log Command line argument: -Djava.io.tmpdir=C:\Users\Joseph\AndroidStudioProjects\turbo_jank\PhotoGallery\tomcat\temp
03-Mar-2020 15:51:19.635 INFO [main] org.apache.catalina.core.AprLifecycleListener.lifecycleEvent Loaded APR based Apache Tomcat Native library [1.2.23] using APR version [1.7.0].
03-Mar-2020 15:51:19.654 INFO [main] org.apache.catalina.core.AprLifecycleListener.lifecycleEvent APR capabilities: IPv6 [true], sendfile [true], accept filters [false], random [true].
03-Mar-2020 15:51:19.660 INFO [main] org.apache.catalina.core.AprLifecycleListener.lifecycleEvent APR/OpenSSL configuration: useAprConnector [false], useOpenSSL [true]
03-Mar-2020 15:51:19.716 INFO [main] org.apache.catalina.core.AprLifecycleListener.initializeSSL OpenSSL successfully initialized [OpenSSL 1.1.1c  28 May 2019]
03-Mar-2020 15:51:21.211 INFO [main] org.apache.coyote.AbstractProtocol.init Initializing ProtocolHandler ["http-nio-8081"]
03-Mar-2020 15:51:21.556 INFO [main] org.apache.coyote.AbstractProtocol.init Initializing ProtocolHandler ["ajp-nio-8009"]
03-Mar-2020 15:51:21.564 INFO [main] org.apache.catalina.startup.Catalina.load Server initialization in [2,644] milliseconds
03-Mar-2020 15:51:21.615 INFO [main] org.apache.catalina.core.StandardService.startInternal Starting service [Catalina]
03-Mar-2020 15:51:21.615 INFO [main] org.apache.catalina.core.StandardEngine.startInternal Starting Servlet engine: [Apache Tomcat/9.0.24]
03-Mar-2020 15:51:21.631 INFO [main] org.apache.catalina.startup.HostConfig.deployDirectory Deploying web application directory [C:\Users\Joseph\AndroidStudioProjects\turbo_jank\PhotoGallery\tomcat\webapps\docs]
03-Mar-2020 15:51:23.324 INFO [main] org.apache.jasper.servlet.TldScanner.scanJars At least one JAR was scanned for TLDs yet contained no TLDs. Enable debug logging for this logger for a complete list of JARs that were scanned but no TLDs were found in them. Skipping unneeded JARs during scanning can improve startup time and JSP compilation time.
03-Mar-2020 15:51:23.415 INFO [main] org.apache.catalina.startup.HostConfig.deployDirectory Deployment of web application directory [C:\Users\Joseph\AndroidStudioProjects\turbo_jank\PhotoGallery\tomcat\webapps\docs] has finished in [1,784] ms
03-Mar-2020 15:51:23.416 INFO [main] org.apache.catalina.startup.HostConfig.deployDirectory Deploying web application directory [C:\Users\Joseph\AndroidStudioProjects\turbo_jank\PhotoGallery\tomcat\webapps\examples]
03-Mar-2020 15:51:26.124 INFO [main] org.apache.jasper.servlet.TldScanner.scanJars At least one JAR was scanned for TLDs yet contained no TLDs. Enable debug logging for this logger for a complete list of JARs that were scanned but no TLDs were found in them. Skipping unneeded JARs during scanning can improve startup time and JSP compilation time.
03-Mar-2020 15:51:26.232 INFO [main] org.apache.catalina.startup.HostConfig.deployDirectory Deployment of web application directory [C:\Users\Joseph\AndroidStudioProjects\turbo_jank\PhotoGallery\tomcat\webapps\examples] has finished in [2,816] ms
03-Mar-2020 15:51:26.233 INFO [main] org.apache.catalina.startup.HostConfig.deployDirectory Deploying web application directory [C:\Users\Joseph\AndroidStudioProjects\turbo_jank\PhotoGallery\tomcat\webapps\host-manager]
03-Mar-2020 15:51:26.950 INFO [main] org.apache.jasper.servlet.TldScanner.scanJars At least one JAR was scanned for TLDs yet contained no TLDs. Enable debug logging for this logger for a complete list of JARs that were scanned but no TLDs were found in them. Skipping unneeded JARs during scanning can improve startup time and JSP compilation time.
03-Mar-2020 15:51:26.968 INFO [main] org.apache.catalina.startup.HostConfig.deployDirectory Deployment of web application directory [C:\Users\Joseph\AndroidStudioProjects\turbo_jank\PhotoGallery\tomcat\webapps\host-manager] has finished in [735] ms
03-Mar-2020 15:51:26.968 INFO [main] org.apache.catalina.startup.HostConfig.deployDirectory Deploying web application directory [C:\Users\Joseph\AndroidStudioProjects\turbo_jank\PhotoGallery\tomcat\webapps\manager]
03-Mar-2020 15:51:27.796 INFO [main] org.apache.jasper.servlet.TldScanner.scanJars At least one JAR was scanned for TLDs yet contained no TLDs. Enable debug logging for this logger for a complete list of JARs that were scanned but no TLDs were found in them. Skipping unneeded JARs during scanning can improve startup time and JSP compilation time.
03-Mar-2020 15:51:27.807 INFO [main] org.apache.catalina.startup.HostConfig.deployDirectory Deployment of web application directory [C:\Users\Joseph\AndroidStudioProjects\turbo_jank\PhotoGallery\tomcat\webapps\manager] has finished in [838] ms
03-Mar-2020 15:51:27.808 INFO [main] org.apache.catalina.startup.HostConfig.deployDirectory Deploying web application directory [C:\Users\Joseph\AndroidStudioProjects\turbo_jank\PhotoGallery\tomcat\webapps\midp]
03-Mar-2020 15:51:28.665 INFO [main] org.apache.jasper.servlet.TldScanner.scanJars At least one JAR was scanned for TLDs yet contained no TLDs. Enable debug logging for this logger for a complete list of JARs that were scanned but no TLDs were found in them. Skipping unneeded JARs during scanning can improve startup time and JSP compilation time.
03-Mar-2020 15:51:28.684 INFO [main] org.apache.catalina.startup.HostConfig.deployDirectory Deployment of web application directory [C:\Users\Joseph\AndroidStudioProjects\turbo_jank\PhotoGallery\tomcat\webapps\midp] has finished in [873] ms
03-Mar-2020 15:51:28.685 INFO [main] org.apache.catalina.startup.HostConfig.deployDirectory Deploying web application directory [C:\Users\Joseph\AndroidStudioProjects\turbo_jank\PhotoGallery\tomcat\webapps\ROOT]
03-Mar-2020 15:51:29.444 INFO [main] org.apache.jasper.servlet.TldScanner.scanJars At least one JAR was scanned for TLDs yet contained no TLDs. Enable debug logging for this logger for a complete list of JARs that were scanned but no TLDs were found in them. Skipping unneeded JARs during scanning can improve startup time and JSP compilation time.
03-Mar-2020 15:51:29.456 INFO [main] org.apache.catalina.startup.HostConfig.deployDirectory Deployment of web application directory [C:\Users\Joseph\AndroidStudioProjects\turbo_jank\PhotoGallery\tomcat\webapps\ROOT] has finished in [771] ms
03-Mar-2020 15:51:29.467 INFO [main] org.apache.coyote.AbstractProtocol.start Starting ProtocolHandler ["http-nio-8081"]
03-Mar-2020 15:51:29.490 INFO [main] org.apache.coyote.AbstractProtocol.start Starting ProtocolHandler ["ajp-nio-8009"]
03-Mar-2020 15:51:29.497 INFO [main] org.apache.catalina.startup.Catalina.start Server startup in [7,932] milliseconds
03-Mar-2020 16:15:27.533 SEVERE [ajp-nio-8009-exec-10] org.apache.coyote.ajp.AjpMessage.processHeader Invalid message received with signature [5635]
