28-Feb-2020 14:51:37.805 INFO [main] org.apache.catalina.startup.VersionLoggerListener.log Server version name:   Apache Tomcat/9.0.24
28-Feb-2020 14:51:37.805 INFO [main] org.apache.catalina.startup.VersionLoggerListener.log Server built:          Aug 14 2019 21:16:42 UTC
28-Feb-2020 14:51:37.805 INFO [main] org.apache.catalina.startup.VersionLoggerListener.log Server version number: 9.0.24.0
28-Feb-2020 14:51:37.812 INFO [main] org.apache.catalina.startup.VersionLoggerListener.log OS Name:               Windows 10
28-Feb-2020 14:51:37.812 INFO [main] org.apache.catalina.startup.VersionLoggerListener.log OS Version:            10.0
28-Feb-2020 14:51:37.812 INFO [main] org.apache.catalina.startup.VersionLoggerListener.log Architecture:          amd64
28-Feb-2020 14:51:37.812 INFO [main] org.apache.catalina.startup.VersionLoggerListener.log Java Home:             C:\Program Files\Java\jre1.8.0_241
28-Feb-2020 14:51:37.812 INFO [main] org.apache.catalina.startup.VersionLoggerListener.log JVM Version:           1.8.0_241-b07
28-Feb-2020 14:51:37.812 INFO [main] org.apache.catalina.startup.VersionLoggerListener.log JVM Vendor:            Oracle Corporation
28-Feb-2020 14:51:37.812 INFO [main] org.apache.catalina.startup.VersionLoggerListener.log CATALINA_BASE:         C:\Users\Joseph\AndroidStudioProjects\turbo_jank\PhotoGallery\tomcat
28-Feb-2020 14:51:37.812 INFO [main] org.apache.catalina.startup.VersionLoggerListener.log CATALINA_HOME:         C:\Users\Joseph\AndroidStudioProjects\turbo_jank\PhotoGallery\tomcat
28-Feb-2020 14:51:37.812 INFO [main] org.apache.catalina.startup.VersionLoggerListener.log Command line argument: -Djava.util.logging.config.file=C:\Users\Joseph\AndroidStudioProjects\turbo_jank\PhotoGallery\tomcat\conf\logging.properties
28-Feb-2020 14:51:37.812 INFO [main] org.apache.catalina.startup.VersionLoggerListener.log Command line argument: -Djava.util.logging.manager=org.apache.juli.ClassLoaderLogManager
28-Feb-2020 14:51:37.812 INFO [main] org.apache.catalina.startup.VersionLoggerListener.log Command line argument: -Djdk.tls.ephemeralDHKeySize=2048
28-Feb-2020 14:51:37.812 INFO [main] org.apache.catalina.startup.VersionLoggerListener.log Command line argument: -Djava.protocol.handler.pkgs=org.apache.catalina.webresources
28-Feb-2020 14:51:37.812 INFO [main] org.apache.catalina.startup.VersionLoggerListener.log Command line argument: -Dignore.endorsed.dirs=
28-Feb-2020 14:51:37.812 INFO [main] org.apache.catalina.startup.VersionLoggerListener.log Command line argument: -Dcatalina.base=C:\Users\Joseph\AndroidStudioProjects\turbo_jank\PhotoGallery\tomcat
28-Feb-2020 14:51:37.812 INFO [main] org.apache.catalina.startup.VersionLoggerListener.log Command line argument: -Dcatalina.home=C:\Users\Joseph\AndroidStudioProjects\turbo_jank\PhotoGallery\tomcat
28-Feb-2020 14:51:37.812 INFO [main] org.apache.catalina.startup.VersionLoggerListener.log Command line argument: -Djava.io.tmpdir=C:\Users\Joseph\AndroidStudioProjects\turbo_jank\PhotoGallery\tomcat\temp
28-Feb-2020 14:51:37.812 INFO [main] org.apache.catalina.core.AprLifecycleListener.lifecycleEvent Loaded APR based Apache Tomcat Native library [1.2.23] using APR version [1.7.0].
28-Feb-2020 14:51:37.812 INFO [main] org.apache.catalina.core.AprLifecycleListener.lifecycleEvent APR capabilities: IPv6 [true], sendfile [true], accept filters [false], random [true].
28-Feb-2020 14:51:37.812 INFO [main] org.apache.catalina.core.AprLifecycleListener.lifecycleEvent APR/OpenSSL configuration: useAprConnector [false], useOpenSSL [true]
28-Feb-2020 14:51:37.812 INFO [main] org.apache.catalina.core.AprLifecycleListener.initializeSSL OpenSSL successfully initialized [OpenSSL 1.1.1c  28 May 2019]
28-Feb-2020 14:51:38.191 INFO [main] org.apache.coyote.AbstractProtocol.init Initializing ProtocolHandler ["http-nio-8081"]
28-Feb-2020 14:51:38.634 INFO [main] org.apache.coyote.AbstractProtocol.init Initializing ProtocolHandler ["ajp-nio-8009"]
28-Feb-2020 14:51:38.634 INFO [main] org.apache.catalina.startup.Catalina.load Server initialization in [1,147] milliseconds
28-Feb-2020 14:51:38.681 INFO [main] org.apache.catalina.core.StandardService.startInternal Starting service [Catalina]
28-Feb-2020 14:51:38.681 INFO [main] org.apache.catalina.core.StandardEngine.startInternal Starting Servlet engine: [Apache Tomcat/9.0.24]
28-Feb-2020 14:51:38.696 INFO [main] org.apache.catalina.startup.HostConfig.deployDirectory Deploying web application directory [C:\Users\Joseph\AndroidStudioProjects\turbo_jank\PhotoGallery\tomcat\webapps\docs]
28-Feb-2020 14:51:39.060 INFO [main] org.apache.catalina.startup.HostConfig.deployDirectory Deployment of web application directory [C:\Users\Joseph\AndroidStudioProjects\turbo_jank\PhotoGallery\tomcat\webapps\docs] has finished in [364] ms
28-Feb-2020 14:51:39.060 INFO [main] org.apache.catalina.startup.HostConfig.deployDirectory Deploying web application directory [C:\Users\Joseph\AndroidStudioProjects\turbo_jank\PhotoGallery\tomcat\webapps\examples]
28-Feb-2020 14:51:39.964 INFO [main] org.apache.catalina.startup.HostConfig.deployDirectory Deployment of web application directory [C:\Users\Joseph\AndroidStudioProjects\turbo_jank\PhotoGallery\tomcat\webapps\examples] has finished in [904] ms
28-Feb-2020 14:51:39.964 INFO [main] org.apache.catalina.startup.HostConfig.deployDirectory Deploying web application directory [C:\Users\Joseph\AndroidStudioProjects\turbo_jank\PhotoGallery\tomcat\webapps\host-manager]
28-Feb-2020 14:51:40.001 INFO [main] org.apache.catalina.startup.HostConfig.deployDirectory Deployment of web application directory [C:\Users\Joseph\AndroidStudioProjects\turbo_jank\PhotoGallery\tomcat\webapps\host-manager] has finished in [37] ms
28-Feb-2020 14:51:40.001 INFO [main] org.apache.catalina.startup.HostConfig.deployDirectory Deploying web application directory [C:\Users\Joseph\AndroidStudioProjects\turbo_jank\PhotoGallery\tomcat\webapps\manager]
28-Feb-2020 14:51:40.033 INFO [main] org.apache.catalina.startup.HostConfig.deployDirectory Deployment of web application directory [C:\Users\Joseph\AndroidStudioProjects\turbo_jank\PhotoGallery\tomcat\webapps\manager] has finished in [32] ms
28-Feb-2020 14:51:40.033 INFO [main] org.apache.catalina.startup.HostConfig.deployDirectory Deploying web application directory [C:\Users\Joseph\AndroidStudioProjects\turbo_jank\PhotoGallery\tomcat\webapps\midp]
28-Feb-2020 14:51:40.168 INFO [main] org.apache.catalina.startup.HostConfig.deployDirectory Deployment of web application directory [C:\Users\Joseph\AndroidStudioProjects\turbo_jank\PhotoGallery\tomcat\webapps\midp] has finished in [135] ms
28-Feb-2020 14:51:40.168 INFO [main] org.apache.catalina.startup.HostConfig.deployDirectory Deploying web application directory [C:\Users\Joseph\AndroidStudioProjects\turbo_jank\PhotoGallery\tomcat\webapps\ROOT]
28-Feb-2020 14:51:40.190 INFO [main] org.apache.catalina.startup.HostConfig.deployDirectory Deployment of web application directory [C:\Users\Joseph\AndroidStudioProjects\turbo_jank\PhotoGallery\tomcat\webapps\ROOT] has finished in [22] ms
28-Feb-2020 14:51:40.205 INFO [main] org.apache.coyote.AbstractProtocol.start Starting ProtocolHandler ["http-nio-8081"]
28-Feb-2020 14:51:40.205 INFO [main] org.apache.coyote.AbstractProtocol.start Starting ProtocolHandler ["ajp-nio-8009"]
28-Feb-2020 14:51:40.221 INFO [main] org.apache.catalina.startup.Catalina.start Server startup in [1,575] milliseconds
28-Feb-2020 15:16:20.827 INFO [main] org.apache.catalina.startup.VersionLoggerListener.log Server version name:   Apache Tomcat/9.0.24
28-Feb-2020 15:16:20.827 INFO [main] org.apache.catalina.startup.VersionLoggerListener.log Server built:          Aug 14 2019 21:16:42 UTC
28-Feb-2020 15:16:20.827 INFO [main] org.apache.catalina.startup.VersionLoggerListener.log Server version number: 9.0.24.0
28-Feb-2020 15:16:20.827 INFO [main] org.apache.catalina.startup.VersionLoggerListener.log OS Name:               Windows 10
28-Feb-2020 15:16:20.827 INFO [main] org.apache.catalina.startup.VersionLoggerListener.log OS Version:            10.0
28-Feb-2020 15:16:20.827 INFO [main] org.apache.catalina.startup.VersionLoggerListener.log Architecture:          amd64
28-Feb-2020 15:16:20.827 INFO [main] org.apache.catalina.startup.VersionLoggerListener.log Java Home:             C:\Program Files\Java\jre1.8.0_241
28-Feb-2020 15:16:20.827 INFO [main] org.apache.catalina.startup.VersionLoggerListener.log JVM Version:           1.8.0_241-b07
28-Feb-2020 15:16:20.827 INFO [main] org.apache.catalina.startup.VersionLoggerListener.log JVM Vendor:            Oracle Corporation
28-Feb-2020 15:16:20.827 INFO [main] org.apache.catalina.startup.VersionLoggerListener.log CATALINA_BASE:         C:\Users\Joseph\AndroidStudioProjects\turbo_jank\PhotoGallery\tomcat
28-Feb-2020 15:16:20.827 INFO [main] org.apache.catalina.startup.VersionLoggerListener.log CATALINA_HOME:         C:\Users\Joseph\AndroidStudioProjects\turbo_jank\PhotoGallery\tomcat
28-Feb-2020 15:16:20.827 INFO [main] org.apache.catalina.startup.VersionLoggerListener.log Command line argument: -Djava.util.logging.config.file=C:\Users\Joseph\AndroidStudioProjects\turbo_jank\PhotoGallery\tomcat\conf\logging.properties
28-Feb-2020 15:16:20.827 INFO [main] org.apache.catalina.startup.VersionLoggerListener.log Command line argument: -Djava.util.logging.manager=org.apache.juli.ClassLoaderLogManager
28-Feb-2020 15:16:20.827 INFO [main] org.apache.catalina.startup.VersionLoggerListener.log Command line argument: -Djdk.tls.ephemeralDHKeySize=2048
28-Feb-2020 15:16:20.827 INFO [main] org.apache.catalina.startup.VersionLoggerListener.log Command line argument: -Djava.protocol.handler.pkgs=org.apache.catalina.webresources
28-Feb-2020 15:16:20.827 INFO [main] org.apache.catalina.startup.VersionLoggerListener.log Command line argument: -Dignore.endorsed.dirs=
28-Feb-2020 15:16:20.827 INFO [main] org.apache.catalina.startup.VersionLoggerListener.log Command line argument: -Dcatalina.base=C:\Users\Joseph\AndroidStudioProjects\turbo_jank\PhotoGallery\tomcat
28-Feb-2020 15:16:20.827 INFO [main] org.apache.catalina.startup.VersionLoggerListener.log Command line argument: -Dcatalina.home=C:\Users\Joseph\AndroidStudioProjects\turbo_jank\PhotoGallery\tomcat
28-Feb-2020 15:16:20.827 INFO [main] org.apache.catalina.startup.VersionLoggerListener.log Command line argument: -Djava.io.tmpdir=C:\Users\Joseph\AndroidStudioProjects\turbo_jank\PhotoGallery\tomcat\temp
28-Feb-2020 15:16:20.827 INFO [main] org.apache.catalina.core.AprLifecycleListener.lifecycleEvent Loaded APR based Apache Tomcat Native library [1.2.23] using APR version [1.7.0].
28-Feb-2020 15:16:20.827 INFO [main] org.apache.catalina.core.AprLifecycleListener.lifecycleEvent APR capabilities: IPv6 [true], sendfile [true], accept filters [false], random [true].
28-Feb-2020 15:16:20.827 INFO [main] org.apache.catalina.core.AprLifecycleListener.lifecycleEvent APR/OpenSSL configuration: useAprConnector [false], useOpenSSL [true]
28-Feb-2020 15:16:20.842 INFO [main] org.apache.catalina.core.AprLifecycleListener.initializeSSL OpenSSL successfully initialized [OpenSSL 1.1.1c  28 May 2019]
28-Feb-2020 15:16:21.159 INFO [main] org.apache.coyote.AbstractProtocol.init Initializing ProtocolHandler ["http-nio-8081"]
28-Feb-2020 15:16:21.359 SEVERE [main] org.apache.catalina.util.LifecycleBase.handleSubClassException Failed to initialize component [Connector[HTTP/1.1-8081]]
	org.apache.catalina.LifecycleException: Protocol handler initialization failed
		at org.apache.catalina.connector.Connector.initInternal(Connector.java:983)
		at org.apache.catalina.util.LifecycleBase.init(LifecycleBase.java:136)
		at org.apache.catalina.core.StandardService.initInternal(StandardService.java:533)
		at org.apache.catalina.util.LifecycleBase.init(LifecycleBase.java:136)
		at org.apache.catalina.core.StandardServer.initInternal(StandardServer.java:1059)
		at org.apache.catalina.util.LifecycleBase.init(LifecycleBase.java:136)
		at org.apache.catalina.startup.Catalina.load(Catalina.java:584)
		at org.apache.catalina.startup.Catalina.load(Catalina.java:607)
		at sun.reflect.NativeMethodAccessorImpl.invoke0(Native Method)
		at sun.reflect.NativeMethodAccessorImpl.invoke(Unknown Source)
		at sun.reflect.DelegatingMethodAccessorImpl.invoke(Unknown Source)
		at java.lang.reflect.Method.invoke(Unknown Source)
		at org.apache.catalina.startup.Bootstrap.load(Bootstrap.java:304)
		at org.apache.catalina.startup.Bootstrap.main(Bootstrap.java:474)
	Caused by: java.net.BindException: Address already in use: bind
		at sun.nio.ch.Net.bind0(Native Method)
		at sun.nio.ch.Net.bind(Unknown Source)
		at sun.nio.ch.Net.bind(Unknown Source)
		at sun.nio.ch.ServerSocketChannelImpl.bind(Unknown Source)
		at sun.nio.ch.ServerSocketAdaptor.bind(Unknown Source)
		at org.apache.tomcat.util.net.NioEndpoint.initServerSocket(NioEndpoint.java:230)
		at org.apache.tomcat.util.net.NioEndpoint.bind(NioEndpoint.java:213)
		at org.apache.tomcat.util.net.AbstractEndpoint.bindWithCleanup(AbstractEndpoint.java:1124)
		at org.apache.tomcat.util.net.AbstractEndpoint.init(AbstractEndpoint.java:1137)
		at org.apache.coyote.AbstractProtocol.init(AbstractProtocol.java:574)
		at org.apache.coyote.http11.AbstractHttp11Protocol.init(AbstractHttp11Protocol.java:74)
		at org.apache.catalina.connector.Connector.initInternal(Connector.java:980)
		... 13 more
28-Feb-2020 15:16:21.375 INFO [main] org.apache.coyote.AbstractProtocol.init Initializing ProtocolHandler ["ajp-nio-8009"]
28-Feb-2020 15:16:21.375 SEVERE [main] org.apache.catalina.util.LifecycleBase.handleSubClassException Failed to initialize component [Connector[AJP/1.3-8009]]
	org.apache.catalina.LifecycleException: Protocol handler initialization failed
		at org.apache.catalina.connector.Connector.initInternal(Connector.java:983)
		at org.apache.catalina.util.LifecycleBase.init(LifecycleBase.java:136)
		at org.apache.catalina.core.StandardService.initInternal(StandardService.java:533)
		at org.apache.catalina.util.LifecycleBase.init(LifecycleBase.java:136)
		at org.apache.catalina.core.StandardServer.initInternal(StandardServer.java:1059)
		at org.apache.catalina.util.LifecycleBase.init(LifecycleBase.java:136)
		at org.apache.catalina.startup.Catalina.load(Catalina.java:584)
		at org.apache.catalina.startup.Catalina.load(Catalina.java:607)
		at sun.reflect.NativeMethodAccessorImpl.invoke0(Native Method)
		at sun.reflect.NativeMethodAccessorImpl.invoke(Unknown Source)
		at sun.reflect.DelegatingMethodAccessorImpl.invoke(Unknown Source)
		at java.lang.reflect.Method.invoke(Unknown Source)
		at org.apache.catalina.startup.Bootstrap.load(Bootstrap.java:304)
		at org.apache.catalina.startup.Bootstrap.main(Bootstrap.java:474)
	Caused by: java.net.BindException: Address already in use: bind
		at sun.nio.ch.Net.bind0(Native Method)
		at sun.nio.ch.Net.bind(Unknown Source)
		at sun.nio.ch.Net.bind(Unknown Source)
		at sun.nio.ch.ServerSocketChannelImpl.bind(Unknown Source)
		at sun.nio.ch.ServerSocketAdaptor.bind(Unknown Source)
		at org.apache.tomcat.util.net.NioEndpoint.initServerSocket(NioEndpoint.java:230)
		at org.apache.tomcat.util.net.NioEndpoint.bind(NioEndpoint.java:213)
		at org.apache.tomcat.util.net.AbstractEndpoint.bindWithCleanup(AbstractEndpoint.java:1124)
		at org.apache.tomcat.util.net.AbstractEndpoint.init(AbstractEndpoint.java:1137)
		at org.apache.coyote.AbstractProtocol.init(AbstractProtocol.java:574)
		at org.apache.catalina.connector.Connector.initInternal(Connector.java:980)
		... 13 more
28-Feb-2020 15:16:21.375 INFO [main] org.apache.catalina.startup.Catalina.load Server initialization in [777] milliseconds
28-Feb-2020 15:16:21.413 INFO [main] org.apache.catalina.core.StandardService.startInternal Starting service [Catalina]
28-Feb-2020 15:16:21.413 INFO [main] org.apache.catalina.core.StandardEngine.startInternal Starting Servlet engine: [Apache Tomcat/9.0.24]
28-Feb-2020 15:16:21.413 INFO [main] org.apache.catalina.startup.HostConfig.deployDirectory Deploying web application directory [C:\Users\Joseph\AndroidStudioProjects\turbo_jank\PhotoGallery\tomcat\webapps\docs]
28-Feb-2020 15:16:21.691 INFO [main] org.apache.catalina.startup.HostConfig.deployDirectory Deployment of web application directory [C:\Users\Joseph\AndroidStudioProjects\turbo_jank\PhotoGallery\tomcat\webapps\docs] has finished in [278] ms
28-Feb-2020 15:16:21.691 INFO [main] org.apache.catalina.startup.HostConfig.deployDirectory Deploying web application directory [C:\Users\Joseph\AndroidStudioProjects\turbo_jank\PhotoGallery\tomcat\webapps\examples]
28-Feb-2020 15:16:22.108 INFO [main] org.apache.catalina.startup.HostConfig.deployDirectory Deployment of web application directory [C:\Users\Joseph\AndroidStudioProjects\turbo_jank\PhotoGallery\tomcat\webapps\examples] has finished in [417] ms
28-Feb-2020 15:16:22.108 INFO [main] org.apache.catalina.startup.HostConfig.deployDirectory Deploying web application directory [C:\Users\Joseph\AndroidStudioProjects\turbo_jank\PhotoGallery\tomcat\webapps\host-manager]
28-Feb-2020 15:16:22.130 INFO [main] org.apache.catalina.startup.HostConfig.deployDirectory Deployment of web application directory [C:\Users\Joseph\AndroidStudioProjects\turbo_jank\PhotoGallery\tomcat\webapps\host-manager] has finished in [22] ms
28-Feb-2020 15:16:22.130 INFO [main] org.apache.catalina.startup.HostConfig.deployDirectory Deploying web application directory [C:\Users\Joseph\AndroidStudioProjects\turbo_jank\PhotoGallery\tomcat\webapps\manager]
28-Feb-2020 15:16:22.177 INFO [main] org.apache.catalina.startup.HostConfig.deployDirectory Deployment of web application directory [C:\Users\Joseph\AndroidStudioProjects\turbo_jank\PhotoGallery\tomcat\webapps\manager] has finished in [47] ms
28-Feb-2020 15:16:22.177 INFO [main] org.apache.catalina.startup.HostConfig.deployDirectory Deploying web application directory [C:\Users\Joseph\AndroidStudioProjects\turbo_jank\PhotoGallery\tomcat\webapps\midp]
28-Feb-2020 15:16:22.230 INFO [main] org.apache.catalina.startup.HostConfig.deployDirectory Deployment of web application directory [C:\Users\Joseph\AndroidStudioProjects\turbo_jank\PhotoGallery\tomcat\webapps\midp] has finished in [53] ms
28-Feb-2020 15:16:22.230 INFO [main] org.apache.catalina.startup.HostConfig.deployDirectory Deploying web application directory [C:\Users\Joseph\AndroidStudioProjects\turbo_jank\PhotoGallery\tomcat\webapps\ROOT]
28-Feb-2020 15:16:22.261 INFO [main] org.apache.catalina.startup.HostConfig.deployDirectory Deployment of web application directory [C:\Users\Joseph\AndroidStudioProjects\turbo_jank\PhotoGallery\tomcat\webapps\ROOT] has finished in [31] ms
28-Feb-2020 15:16:22.261 INFO [main] org.apache.catalina.startup.Catalina.start Server startup in [892] milliseconds
28-Feb-2020 15:16:22.703 SEVERE [main] org.apache.catalina.core.StandardServer.await Failed to create server shutdown socket on address [localhost] and port [8006] (base port [8006] and offset [0])
	java.net.BindException: Address already in use: JVM_Bind
		at java.net.DualStackPlainSocketImpl.bind0(Native Method)
		at java.net.DualStackPlainSocketImpl.socketBind(Unknown Source)
		at java.net.AbstractPlainSocketImpl.bind(Unknown Source)
		at java.net.PlainSocketImpl.bind(Unknown Source)
		at java.net.ServerSocket.bind(Unknown Source)
		at java.net.ServerSocket.<init>(Unknown Source)
		at org.apache.catalina.core.StandardServer.await(StandardServer.java:584)
		at org.apache.catalina.startup.Catalina.await(Catalina.java:721)
		at org.apache.catalina.startup.Catalina.start(Catalina.java:667)
		at sun.reflect.NativeMethodAccessorImpl.invoke0(Native Method)
		at sun.reflect.NativeMethodAccessorImpl.invoke(Unknown Source)
		at sun.reflect.DelegatingMethodAccessorImpl.invoke(Unknown Source)
		at java.lang.reflect.Method.invoke(Unknown Source)
		at org.apache.catalina.startup.Bootstrap.start(Bootstrap.java:344)
		at org.apache.catalina.startup.Bootstrap.main(Bootstrap.java:475)
28-Feb-2020 15:16:22.703 INFO [main] org.apache.coyote.AbstractProtocol.pause Pausing ProtocolHandler ["http-nio-8081"]
28-Feb-2020 15:16:22.703 INFO [main] org.apache.coyote.AbstractProtocol.pause Pausing ProtocolHandler ["ajp-nio-8009"]
28-Feb-2020 15:16:22.703 INFO [main] org.apache.catalina.core.StandardService.stopInternal Stopping service [Catalina]
28-Feb-2020 15:16:22.741 INFO [main] org.apache.coyote.AbstractProtocol.stop Stopping ProtocolHandler ["http-nio-8081"]
28-Feb-2020 15:16:22.741 INFO [main] org.apache.coyote.AbstractProtocol.destroy Destroying ProtocolHandler ["http-nio-8081"]
28-Feb-2020 15:16:22.741 INFO [main] org.apache.coyote.AbstractProtocol.stop Stopping ProtocolHandler ["ajp-nio-8009"]
28-Feb-2020 15:16:22.741 INFO [main] org.apache.coyote.AbstractProtocol.destroy Destroying ProtocolHandler ["ajp-nio-8009"]
28-Feb-2020 15:16:29.435 INFO [main] org.apache.catalina.startup.VersionLoggerListener.log Server version name:   Apache Tomcat/9.0.24
28-Feb-2020 15:16:29.451 INFO [main] org.apache.catalina.startup.VersionLoggerListener.log Server built:          Aug 14 2019 21:16:42 UTC
28-Feb-2020 15:16:29.451 INFO [main] org.apache.catalina.startup.VersionLoggerListener.log Server version number: 9.0.24.0
28-Feb-2020 15:16:29.451 INFO [main] org.apache.catalina.startup.VersionLoggerListener.log OS Name:               Windows 10
28-Feb-2020 15:16:29.451 INFO [main] org.apache.catalina.startup.VersionLoggerListener.log OS Version:            10.0
28-Feb-2020 15:16:29.451 INFO [main] org.apache.catalina.startup.VersionLoggerListener.log Architecture:          amd64
28-Feb-2020 15:16:29.451 INFO [main] org.apache.catalina.startup.VersionLoggerListener.log Java Home:             C:\Program Files\Java\jre1.8.0_241
28-Feb-2020 15:16:29.451 INFO [main] org.apache.catalina.startup.VersionLoggerListener.log JVM Version:           1.8.0_241-b07
28-Feb-2020 15:16:29.451 INFO [main] org.apache.catalina.startup.VersionLoggerListener.log JVM Vendor:            Oracle Corporation
28-Feb-2020 15:16:29.451 INFO [main] org.apache.catalina.startup.VersionLoggerListener.log CATALINA_BASE:         C:\Users\Joseph\AndroidStudioProjects\turbo_jank\PhotoGallery\tomcat
28-Feb-2020 15:16:29.451 INFO [main] org.apache.catalina.startup.VersionLoggerListener.log CATALINA_HOME:         C:\Users\Joseph\AndroidStudioProjects\turbo_jank\PhotoGallery\tomcat
28-Feb-2020 15:16:29.451 INFO [main] org.apache.catalina.startup.VersionLoggerListener.log Command line argument: -Djava.util.logging.config.file=C:\Users\Joseph\AndroidStudioProjects\turbo_jank\PhotoGallery\tomcat\conf\logging.properties
28-Feb-2020 15:16:29.451 INFO [main] org.apache.catalina.startup.VersionLoggerListener.log Command line argument: -Djava.util.logging.manager=org.apache.juli.ClassLoaderLogManager
28-Feb-2020 15:16:29.451 INFO [main] org.apache.catalina.startup.VersionLoggerListener.log Command line argument: -Djdk.tls.ephemeralDHKeySize=2048
28-Feb-2020 15:16:29.451 INFO [main] org.apache.catalina.startup.VersionLoggerListener.log Command line argument: -Djava.protocol.handler.pkgs=org.apache.catalina.webresources
28-Feb-2020 15:16:29.451 INFO [main] org.apache.catalina.startup.VersionLoggerListener.log Command line argument: -Dignore.endorsed.dirs=
28-Feb-2020 15:16:29.451 INFO [main] org.apache.catalina.startup.VersionLoggerListener.log Command line argument: -Dcatalina.base=C:\Users\Joseph\AndroidStudioProjects\turbo_jank\PhotoGallery\tomcat
28-Feb-2020 15:16:29.451 INFO [main] org.apache.catalina.startup.VersionLoggerListener.log Command line argument: -Dcatalina.home=C:\Users\Joseph\AndroidStudioProjects\turbo_jank\PhotoGallery\tomcat
28-Feb-2020 15:16:29.451 INFO [main] org.apache.catalina.startup.VersionLoggerListener.log Command line argument: -Djava.io.tmpdir=C:\Users\Joseph\AndroidStudioProjects\turbo_jank\PhotoGallery\tomcat\temp
28-Feb-2020 15:16:29.451 INFO [main] org.apache.catalina.core.AprLifecycleListener.lifecycleEvent Loaded APR based Apache Tomcat Native library [1.2.23] using APR version [1.7.0].
28-Feb-2020 15:16:29.451 INFO [main] org.apache.catalina.core.AprLifecycleListener.lifecycleEvent APR capabilities: IPv6 [true], sendfile [true], accept filters [false], random [true].
28-Feb-2020 15:16:29.451 INFO [main] org.apache.catalina.core.AprLifecycleListener.lifecycleEvent APR/OpenSSL configuration: useAprConnector [false], useOpenSSL [true]
28-Feb-2020 15:16:29.451 INFO [main] org.apache.catalina.core.AprLifecycleListener.initializeSSL OpenSSL successfully initialized [OpenSSL 1.1.1c  28 May 2019]
28-Feb-2020 15:16:29.783 INFO [main] org.apache.coyote.AbstractProtocol.init Initializing ProtocolHandler ["http-nio-8081"]
28-Feb-2020 15:16:29.990 INFO [main] org.apache.coyote.AbstractProtocol.init Initializing ProtocolHandler ["ajp-nio-8009"]
28-Feb-2020 15:16:29.990 INFO [main] org.apache.catalina.startup.Catalina.load Server initialization in [769] milliseconds
28-Feb-2020 15:16:30.021 INFO [main] org.apache.catalina.core.StandardService.startInternal Starting service [Catalina]
28-Feb-2020 15:16:30.021 INFO [main] org.apache.catalina.core.StandardEngine.startInternal Starting Servlet engine: [Apache Tomcat/9.0.24]
28-Feb-2020 15:16:30.036 INFO [main] org.apache.catalina.startup.HostConfig.deployDirectory Deploying web application directory [C:\Users\Joseph\AndroidStudioProjects\turbo_jank\PhotoGallery\tomcat\webapps\docs]
28-Feb-2020 15:16:30.290 INFO [main] org.apache.catalina.startup.HostConfig.deployDirectory Deployment of web application directory [C:\Users\Joseph\AndroidStudioProjects\turbo_jank\PhotoGallery\tomcat\webapps\docs] has finished in [254] ms
28-Feb-2020 15:16:30.290 INFO [main] org.apache.catalina.startup.HostConfig.deployDirectory Deploying web application directory [C:\Users\Joseph\AndroidStudioProjects\turbo_jank\PhotoGallery\tomcat\webapps\examples]
28-Feb-2020 15:16:30.691 INFO [main] org.apache.catalina.startup.HostConfig.deployDirectory Deployment of web application directory [C:\Users\Joseph\AndroidStudioProjects\turbo_jank\PhotoGallery\tomcat\webapps\examples] has finished in [401] ms
28-Feb-2020 15:16:30.691 INFO [main] org.apache.catalina.startup.HostConfig.deployDirectory Deploying web application directory [C:\Users\Joseph\AndroidStudioProjects\turbo_jank\PhotoGallery\tomcat\webapps\host-manager]
28-Feb-2020 15:16:30.723 INFO [main] org.apache.catalina.startup.HostConfig.deployDirectory Deployment of web application directory [C:\Users\Joseph\AndroidStudioProjects\turbo_jank\PhotoGallery\tomcat\webapps\host-manager] has finished in [32] ms
28-Feb-2020 15:16:30.723 INFO [main] org.apache.catalina.startup.HostConfig.deployDirectory Deploying web application directory [C:\Users\Joseph\AndroidStudioProjects\turbo_jank\PhotoGallery\tomcat\webapps\manager]
28-Feb-2020 15:16:30.769 INFO [main] org.apache.catalina.startup.HostConfig.deployDirectory Deployment of web application directory [C:\Users\Joseph\AndroidStudioProjects\turbo_jank\PhotoGallery\tomcat\webapps\manager] has finished in [46] ms
28-Feb-2020 15:16:30.769 INFO [main] org.apache.catalina.startup.HostConfig.deployDirectory Deploying web application directory [C:\Users\Joseph\AndroidStudioProjects\turbo_jank\PhotoGallery\tomcat\webapps\midp]
28-Feb-2020 15:16:30.823 INFO [main] org.apache.catalina.startup.HostConfig.deployDirectory Deployment of web application directory [C:\Users\Joseph\AndroidStudioProjects\turbo_jank\PhotoGallery\tomcat\webapps\midp] has finished in [54] ms
28-Feb-2020 15:16:30.823 INFO [main] org.apache.catalina.startup.HostConfig.deployDirectory Deploying web application directory [C:\Users\Joseph\AndroidStudioProjects\turbo_jank\PhotoGallery\tomcat\webapps\ROOT]
28-Feb-2020 15:16:30.854 INFO [main] org.apache.catalina.startup.HostConfig.deployDirectory Deployment of web application directory [C:\Users\Joseph\AndroidStudioProjects\turbo_jank\PhotoGallery\tomcat\webapps\ROOT] has finished in [31] ms
28-Feb-2020 15:16:30.854 INFO [main] org.apache.coyote.AbstractProtocol.start Starting ProtocolHandler ["http-nio-8081"]
28-Feb-2020 15:16:30.870 INFO [main] org.apache.coyote.AbstractProtocol.start Starting ProtocolHandler ["ajp-nio-8009"]
28-Feb-2020 15:16:30.870 INFO [main] org.apache.catalina.startup.Catalina.start Server startup in [883] milliseconds
28-Feb-2020 15:17:51.059 INFO [Catalina-utility-2] org.apache.catalina.startup.HostConfig.reload Reloading context [/midp]
28-Feb-2020 15:17:51.074 INFO [Catalina-utility-2] org.apache.catalina.core.StandardContext.reload Reloading Context with name [/midp] has started
28-Feb-2020 15:17:51.112 INFO [Catalina-utility-2] org.apache.catalina.core.StandardContext.reload Reloading Context with name [/midp] is completed
28-Feb-2020 15:18:32.708 INFO [main] org.apache.catalina.startup.VersionLoggerListener.log Server version name:   Apache Tomcat/9.0.24
28-Feb-2020 15:18:32.708 INFO [main] org.apache.catalina.startup.VersionLoggerListener.log Server built:          Aug 14 2019 21:16:42 UTC
28-Feb-2020 15:18:32.708 INFO [main] org.apache.catalina.startup.VersionLoggerListener.log Server version number: 9.0.24.0
28-Feb-2020 15:18:32.708 INFO [main] org.apache.catalina.startup.VersionLoggerListener.log OS Name:               Windows 10
28-Feb-2020 15:18:32.708 INFO [main] org.apache.catalina.startup.VersionLoggerListener.log OS Version:            10.0
28-Feb-2020 15:18:32.708 INFO [main] org.apache.catalina.startup.VersionLoggerListener.log Architecture:          amd64
28-Feb-2020 15:18:32.708 INFO [main] org.apache.catalina.startup.VersionLoggerListener.log Java Home:             C:\Program Files\Java\jre1.8.0_241
28-Feb-2020 15:18:32.708 INFO [main] org.apache.catalina.startup.VersionLoggerListener.log JVM Version:           1.8.0_241-b07
28-Feb-2020 15:18:32.708 INFO [main] org.apache.catalina.startup.VersionLoggerListener.log JVM Vendor:            Oracle Corporation
28-Feb-2020 15:18:32.708 INFO [main] org.apache.catalina.startup.VersionLoggerListener.log CATALINA_BASE:         C:\Users\Joseph\AndroidStudioProjects\turbo_jank\PhotoGallery\tomcat
28-Feb-2020 15:18:32.708 INFO [main] org.apache.catalina.startup.VersionLoggerListener.log CATALINA_HOME:         C:\Users\Joseph\AndroidStudioProjects\turbo_jank\PhotoGallery\tomcat
28-Feb-2020 15:18:32.708 INFO [main] org.apache.catalina.startup.VersionLoggerListener.log Command line argument: -Djava.util.logging.config.file=C:\Users\Joseph\AndroidStudioProjects\turbo_jank\PhotoGallery\tomcat\conf\logging.properties
28-Feb-2020 15:18:32.708 INFO [main] org.apache.catalina.startup.VersionLoggerListener.log Command line argument: -Djava.util.logging.manager=org.apache.juli.ClassLoaderLogManager
28-Feb-2020 15:18:32.708 INFO [main] org.apache.catalina.startup.VersionLoggerListener.log Command line argument: -Djdk.tls.ephemeralDHKeySize=2048
28-Feb-2020 15:18:32.708 INFO [main] org.apache.catalina.startup.VersionLoggerListener.log Command line argument: -Djava.protocol.handler.pkgs=org.apache.catalina.webresources
28-Feb-2020 15:18:32.708 INFO [main] org.apache.catalina.startup.VersionLoggerListener.log Command line argument: -Dignore.endorsed.dirs=
28-Feb-2020 15:18:32.708 INFO [main] org.apache.catalina.startup.VersionLoggerListener.log Command line argument: -Dcatalina.base=C:\Users\Joseph\AndroidStudioProjects\turbo_jank\PhotoGallery\tomcat
28-Feb-2020 15:18:32.724 INFO [main] org.apache.catalina.startup.VersionLoggerListener.log Command line argument: -Dcatalina.home=C:\Users\Joseph\AndroidStudioProjects\turbo_jank\PhotoGallery\tomcat
28-Feb-2020 15:18:32.724 INFO [main] org.apache.catalina.startup.VersionLoggerListener.log Command line argument: -Djava.io.tmpdir=C:\Users\Joseph\AndroidStudioProjects\turbo_jank\PhotoGallery\tomcat\temp
28-Feb-2020 15:18:32.724 INFO [main] org.apache.catalina.core.AprLifecycleListener.lifecycleEvent Loaded APR based Apache Tomcat Native library [1.2.23] using APR version [1.7.0].
28-Feb-2020 15:18:32.724 INFO [main] org.apache.catalina.core.AprLifecycleListener.lifecycleEvent APR capabilities: IPv6 [true], sendfile [true], accept filters [false], random [true].
28-Feb-2020 15:18:32.724 INFO [main] org.apache.catalina.core.AprLifecycleListener.lifecycleEvent APR/OpenSSL configuration: useAprConnector [false], useOpenSSL [true]
28-Feb-2020 15:18:32.724 INFO [main] org.apache.catalina.core.AprLifecycleListener.initializeSSL OpenSSL successfully initialized [OpenSSL 1.1.1c  28 May 2019]
28-Feb-2020 15:18:33.040 INFO [main] org.apache.coyote.AbstractProtocol.init Initializing ProtocolHandler ["http-nio-8081"]
28-Feb-2020 15:18:33.258 SEVERE [main] org.apache.catalina.util.LifecycleBase.handleSubClassException Failed to initialize component [Connector[HTTP/1.1-8081]]
	org.apache.catalina.LifecycleException: Protocol handler initialization failed
		at org.apache.catalina.connector.Connector.initInternal(Connector.java:983)
		at org.apache.catalina.util.LifecycleBase.init(LifecycleBase.java:136)
		at org.apache.catalina.core.StandardService.initInternal(StandardService.java:533)
		at org.apache.catalina.util.LifecycleBase.init(LifecycleBase.java:136)
		at org.apache.catalina.core.StandardServer.initInternal(StandardServer.java:1059)
		at org.apache.catalina.util.LifecycleBase.init(LifecycleBase.java:136)
		at org.apache.catalina.startup.Catalina.load(Catalina.java:584)
		at org.apache.catalina.startup.Catalina.load(Catalina.java:607)
		at sun.reflect.NativeMethodAccessorImpl.invoke0(Native Method)
		at sun.reflect.NativeMethodAccessorImpl.invoke(Unknown Source)
		at sun.reflect.DelegatingMethodAccessorImpl.invoke(Unknown Source)
		at java.lang.reflect.Method.invoke(Unknown Source)
		at org.apache.catalina.startup.Bootstrap.load(Bootstrap.java:304)
		at org.apache.catalina.startup.Bootstrap.main(Bootstrap.java:474)
	Caused by: java.net.BindException: Address already in use: bind
		at sun.nio.ch.Net.bind0(Native Method)
		at sun.nio.ch.Net.bind(Unknown Source)
		at sun.nio.ch.Net.bind(Unknown Source)
		at sun.nio.ch.ServerSocketChannelImpl.bind(Unknown Source)
		at sun.nio.ch.ServerSocketAdaptor.bind(Unknown Source)
		at org.apache.tomcat.util.net.NioEndpoint.initServerSocket(NioEndpoint.java:230)
		at org.apache.tomcat.util.net.NioEndpoint.bind(NioEndpoint.java:213)
		at org.apache.tomcat.util.net.AbstractEndpoint.bindWithCleanup(AbstractEndpoint.java:1124)
		at org.apache.tomcat.util.net.AbstractEndpoint.init(AbstractEndpoint.java:1137)
		at org.apache.coyote.AbstractProtocol.init(AbstractProtocol.java:574)
		at org.apache.coyote.http11.AbstractHttp11Protocol.init(AbstractHttp11Protocol.java:74)
		at org.apache.catalina.connector.Connector.initInternal(Connector.java:980)
		... 13 more
28-Feb-2020 15:18:33.258 INFO [main] org.apache.coyote.AbstractProtocol.init Initializing ProtocolHandler ["ajp-nio-8009"]
28-Feb-2020 15:18:33.258 SEVERE [main] org.apache.catalina.util.LifecycleBase.handleSubClassException Failed to initialize component [Connector[AJP/1.3-8009]]
	org.apache.catalina.LifecycleException: Protocol handler initialization failed
		at org.apache.catalina.connector.Connector.initInternal(Connector.java:983)
		at org.apache.catalina.util.LifecycleBase.init(LifecycleBase.java:136)
		at org.apache.catalina.core.StandardService.initInternal(StandardService.java:533)
		at org.apache.catalina.util.LifecycleBase.init(LifecycleBase.java:136)
		at org.apache.catalina.core.StandardServer.initInternal(StandardServer.java:1059)
		at org.apache.catalina.util.LifecycleBase.init(LifecycleBase.java:136)
		at org.apache.catalina.startup.Catalina.load(Catalina.java:584)
		at org.apache.catalina.startup.Catalina.load(Catalina.java:607)
		at sun.reflect.NativeMethodAccessorImpl.invoke0(Native Method)
		at sun.reflect.NativeMethodAccessorImpl.invoke(Unknown Source)
		at sun.reflect.DelegatingMethodAccessorImpl.invoke(Unknown Source)
		at java.lang.reflect.Method.invoke(Unknown Source)
		at org.apache.catalina.startup.Bootstrap.load(Bootstrap.java:304)
		at org.apache.catalina.startup.Bootstrap.main(Bootstrap.java:474)
	Caused by: java.net.BindException: Address already in use: bind
		at sun.nio.ch.Net.bind0(Native Method)
		at sun.nio.ch.Net.bind(Unknown Source)
		at sun.nio.ch.Net.bind(Unknown Source)
		at sun.nio.ch.ServerSocketChannelImpl.bind(Unknown Source)
		at sun.nio.ch.ServerSocketAdaptor.bind(Unknown Source)
		at org.apache.tomcat.util.net.NioEndpoint.initServerSocket(NioEndpoint.java:230)
		at org.apache.tomcat.util.net.NioEndpoint.bind(NioEndpoint.java:213)
		at org.apache.tomcat.util.net.AbstractEndpoint.bindWithCleanup(AbstractEndpoint.java:1124)
		at org.apache.tomcat.util.net.AbstractEndpoint.init(AbstractEndpoint.java:1137)
		at org.apache.coyote.AbstractProtocol.init(AbstractProtocol.java:574)
		at org.apache.catalina.connector.Connector.initInternal(Connector.java:980)
		... 13 more
28-Feb-2020 15:18:33.258 INFO [main] org.apache.catalina.startup.Catalina.load Server initialization in [775] milliseconds
28-Feb-2020 15:18:33.295 INFO [main] org.apache.catalina.core.StandardService.startInternal Starting service [Catalina]
28-Feb-2020 15:18:33.295 INFO [main] org.apache.catalina.core.StandardEngine.startInternal Starting Servlet engine: [Apache Tomcat/9.0.24]
28-Feb-2020 15:18:33.295 INFO [main] org.apache.catalina.startup.HostConfig.deployDirectory Deploying web application directory [C:\Users\Joseph\AndroidStudioProjects\turbo_jank\PhotoGallery\tomcat\webapps\docs]
28-Feb-2020 15:18:33.558 INFO [main] org.apache.catalina.startup.HostConfig.deployDirectory Deployment of web application directory [C:\Users\Joseph\AndroidStudioProjects\turbo_jank\PhotoGallery\tomcat\webapps\docs] has finished in [263] ms
28-Feb-2020 15:18:33.558 INFO [main] org.apache.catalina.startup.HostConfig.deployDirectory Deploying web application directory [C:\Users\Joseph\AndroidStudioProjects\turbo_jank\PhotoGallery\tomcat\webapps\examples]
28-Feb-2020 15:18:34.007 INFO [main] org.apache.catalina.startup.HostConfig.deployDirectory Deployment of web application directory [C:\Users\Joseph\AndroidStudioProjects\turbo_jank\PhotoGallery\tomcat\webapps\examples] has finished in [449] ms
28-Feb-2020 15:18:34.007 INFO [main] org.apache.catalina.startup.HostConfig.deployDirectory Deploying web application directory [C:\Users\Joseph\AndroidStudioProjects\turbo_jank\PhotoGallery\tomcat\webapps\host-manager]
28-Feb-2020 15:18:34.048 INFO [main] org.apache.catalina.startup.HostConfig.deployDirectory Deployment of web application directory [C:\Users\Joseph\AndroidStudioProjects\turbo_jank\PhotoGallery\tomcat\webapps\host-manager] has finished in [41] ms
28-Feb-2020 15:18:34.048 INFO [main] org.apache.catalina.startup.HostConfig.deployDirectory Deploying web application directory [C:\Users\Joseph\AndroidStudioProjects\turbo_jank\PhotoGallery\tomcat\webapps\manager]
28-Feb-2020 15:18:34.080 INFO [main] org.apache.catalina.startup.HostConfig.deployDirectory Deployment of web application directory [C:\Users\Joseph\AndroidStudioProjects\turbo_jank\PhotoGallery\tomcat\webapps\manager] has finished in [32] ms
28-Feb-2020 15:18:34.080 INFO [main] org.apache.catalina.startup.HostConfig.deployDirectory Deploying web application directory [C:\Users\Joseph\AndroidStudioProjects\turbo_jank\PhotoGallery\tomcat\webapps\midp]
28-Feb-2020 15:18:34.133 INFO [main] org.apache.catalina.startup.HostConfig.deployDirectory Deployment of web application directory [C:\Users\Joseph\AndroidStudioProjects\turbo_jank\PhotoGallery\tomcat\webapps\midp] has finished in [53] ms
28-Feb-2020 15:18:34.133 INFO [main] org.apache.catalina.startup.HostConfig.deployDirectory Deploying web application directory [C:\Users\Joseph\AndroidStudioProjects\turbo_jank\PhotoGallery\tomcat\webapps\ROOT]
28-Feb-2020 15:18:34.164 INFO [main] org.apache.catalina.startup.HostConfig.deployDirectory Deployment of web application directory [C:\Users\Joseph\AndroidStudioProjects\turbo_jank\PhotoGallery\tomcat\webapps\ROOT] has finished in [31] ms
28-Feb-2020 15:18:34.164 INFO [main] org.apache.catalina.startup.Catalina.start Server startup in [907] milliseconds
28-Feb-2020 15:18:34.180 SEVERE [main] org.apache.catalina.core.StandardServer.await Failed to create server shutdown socket on address [localhost] and port [8006] (base port [8006] and offset [0])
	java.net.BindException: Address already in use: JVM_Bind
		at java.net.DualStackPlainSocketImpl.bind0(Native Method)
		at java.net.DualStackPlainSocketImpl.socketBind(Unknown Source)
		at java.net.AbstractPlainSocketImpl.bind(Unknown Source)
		at java.net.PlainSocketImpl.bind(Unknown Source)
		at java.net.ServerSocket.bind(Unknown Source)
		at java.net.ServerSocket.<init>(Unknown Source)
		at org.apache.catalina.core.StandardServer.await(StandardServer.java:584)
		at org.apache.catalina.startup.Catalina.await(Catalina.java:721)
		at org.apache.catalina.startup.Catalina.start(Catalina.java:667)
		at sun.reflect.NativeMethodAccessorImpl.invoke0(Native Method)
		at sun.reflect.NativeMethodAccessorImpl.invoke(Unknown Source)
		at sun.reflect.DelegatingMethodAccessorImpl.invoke(Unknown Source)
		at java.lang.reflect.Method.invoke(Unknown Source)
		at org.apache.catalina.startup.Bootstrap.start(Bootstrap.java:344)
		at org.apache.catalina.startup.Bootstrap.main(Bootstrap.java:475)
28-Feb-2020 15:18:34.180 INFO [main] org.apache.coyote.AbstractProtocol.pause Pausing ProtocolHandler ["http-nio-8081"]
28-Feb-2020 15:18:34.180 INFO [main] org.apache.coyote.AbstractProtocol.pause Pausing ProtocolHandler ["ajp-nio-8009"]
28-Feb-2020 15:18:34.180 INFO [main] org.apache.catalina.core.StandardService.stopInternal Stopping service [Catalina]
28-Feb-2020 15:18:34.195 INFO [main] org.apache.coyote.AbstractProtocol.stop Stopping ProtocolHandler ["http-nio-8081"]
28-Feb-2020 15:18:34.195 INFO [main] org.apache.coyote.AbstractProtocol.destroy Destroying ProtocolHandler ["http-nio-8081"]
28-Feb-2020 15:18:34.195 INFO [main] org.apache.coyote.AbstractProtocol.stop Stopping ProtocolHandler ["ajp-nio-8009"]
28-Feb-2020 15:18:34.211 INFO [main] org.apache.coyote.AbstractProtocol.destroy Destroying ProtocolHandler ["ajp-nio-8009"]
28-Feb-2020 15:18:39.673 INFO [main] org.apache.catalina.startup.VersionLoggerListener.log Server version name:   Apache Tomcat/9.0.24
28-Feb-2020 15:18:39.673 INFO [main] org.apache.catalina.startup.VersionLoggerListener.log Server built:          Aug 14 2019 21:16:42 UTC
28-Feb-2020 15:18:39.673 INFO [main] org.apache.catalina.startup.VersionLoggerListener.log Server version number: 9.0.24.0
28-Feb-2020 15:18:39.673 INFO [main] org.apache.catalina.startup.VersionLoggerListener.log OS Name:               Windows 10
28-Feb-2020 15:18:39.673 INFO [main] org.apache.catalina.startup.VersionLoggerListener.log OS Version:            10.0
28-Feb-2020 15:18:39.673 INFO [main] org.apache.catalina.startup.VersionLoggerListener.log Architecture:          amd64
28-Feb-2020 15:18:39.673 INFO [main] org.apache.catalina.startup.VersionLoggerListener.log Java Home:             C:\Program Files\Java\jre1.8.0_241
28-Feb-2020 15:18:39.673 INFO [main] org.apache.catalina.startup.VersionLoggerListener.log JVM Version:           1.8.0_241-b07
28-Feb-2020 15:18:39.673 INFO [main] org.apache.catalina.startup.VersionLoggerListener.log JVM Vendor:            Oracle Corporation
28-Feb-2020 15:18:39.673 INFO [main] org.apache.catalina.startup.VersionLoggerListener.log CATALINA_BASE:         C:\Users\Joseph\AndroidStudioProjects\turbo_jank\PhotoGallery\tomcat
28-Feb-2020 15:18:39.673 INFO [main] org.apache.catalina.startup.VersionLoggerListener.log CATALINA_HOME:         C:\Users\Joseph\AndroidStudioProjects\turbo_jank\PhotoGallery\tomcat
28-Feb-2020 15:18:39.679 INFO [main] org.apache.catalina.startup.VersionLoggerListener.log Command line argument: -Djava.util.logging.config.file=C:\Users\Joseph\AndroidStudioProjects\turbo_jank\PhotoGallery\tomcat\conf\logging.properties
28-Feb-2020 15:18:39.679 INFO [main] org.apache.catalina.startup.VersionLoggerListener.log Command line argument: -Djava.util.logging.manager=org.apache.juli.ClassLoaderLogManager
28-Feb-2020 15:18:39.679 INFO [main] org.apache.catalina.startup.VersionLoggerListener.log Command line argument: -Djdk.tls.ephemeralDHKeySize=2048
28-Feb-2020 15:18:39.679 INFO [main] org.apache.catalina.startup.VersionLoggerListener.log Command line argument: -Djava.protocol.handler.pkgs=org.apache.catalina.webresources
28-Feb-2020 15:18:39.679 INFO [main] org.apache.catalina.startup.VersionLoggerListener.log Command line argument: -Dignore.endorsed.dirs=
28-Feb-2020 15:18:39.679 INFO [main] org.apache.catalina.startup.VersionLoggerListener.log Command line argument: -Dcatalina.base=C:\Users\Joseph\AndroidStudioProjects\turbo_jank\PhotoGallery\tomcat
28-Feb-2020 15:18:39.679 INFO [main] org.apache.catalina.startup.VersionLoggerListener.log Command line argument: -Dcatalina.home=C:\Users\Joseph\AndroidStudioProjects\turbo_jank\PhotoGallery\tomcat
28-Feb-2020 15:18:39.679 INFO [main] org.apache.catalina.startup.VersionLoggerListener.log Command line argument: -Djava.io.tmpdir=C:\Users\Joseph\AndroidStudioProjects\turbo_jank\PhotoGallery\tomcat\temp
28-Feb-2020 15:18:39.679 INFO [main] org.apache.catalina.core.AprLifecycleListener.lifecycleEvent Loaded APR based Apache Tomcat Native library [1.2.23] using APR version [1.7.0].
28-Feb-2020 15:18:39.679 INFO [main] org.apache.catalina.core.AprLifecycleListener.lifecycleEvent APR capabilities: IPv6 [true], sendfile [true], accept filters [false], random [true].
28-Feb-2020 15:18:39.679 INFO [main] org.apache.catalina.core.AprLifecycleListener.lifecycleEvent APR/OpenSSL configuration: useAprConnector [false], useOpenSSL [true]
28-Feb-2020 15:18:39.679 INFO [main] org.apache.catalina.core.AprLifecycleListener.initializeSSL OpenSSL successfully initialized [OpenSSL 1.1.1c  28 May 2019]
28-Feb-2020 15:18:39.996 INFO [main] org.apache.coyote.AbstractProtocol.init Initializing ProtocolHandler ["http-nio-8081"]
28-Feb-2020 15:18:40.227 INFO [main] org.apache.coyote.AbstractProtocol.init Initializing ProtocolHandler ["ajp-nio-8009"]
28-Feb-2020 15:18:40.227 INFO [main] org.apache.catalina.startup.Catalina.load Server initialization in [782] milliseconds
28-Feb-2020 15:18:40.281 INFO [main] org.apache.catalina.core.StandardService.startInternal Starting service [Catalina]
28-Feb-2020 15:18:40.281 INFO [main] org.apache.catalina.core.StandardEngine.startInternal Starting Servlet engine: [Apache Tomcat/9.0.24]
28-Feb-2020 15:18:40.296 INFO [main] org.apache.catalina.startup.HostConfig.deployDirectory Deploying web application directory [C:\Users\Joseph\AndroidStudioProjects\turbo_jank\PhotoGallery\tomcat\webapps\docs]
28-Feb-2020 15:18:40.602 INFO [main] org.apache.catalina.startup.HostConfig.deployDirectory Deployment of web application directory [C:\Users\Joseph\AndroidStudioProjects\turbo_jank\PhotoGallery\tomcat\webapps\docs] has finished in [306] ms
28-Feb-2020 15:18:40.604 INFO [main] org.apache.catalina.startup.HostConfig.deployDirectory Deploying web application directory [C:\Users\Joseph\AndroidStudioProjects\turbo_jank\PhotoGallery\tomcat\webapps\examples]
28-Feb-2020 15:18:41.020 INFO [main] org.apache.catalina.startup.HostConfig.deployDirectory Deployment of web application directory [C:\Users\Joseph\AndroidStudioProjects\turbo_jank\PhotoGallery\tomcat\webapps\examples] has finished in [416] ms
28-Feb-2020 15:18:41.020 INFO [main] org.apache.catalina.startup.HostConfig.deployDirectory Deploying web application directory [C:\Users\Joseph\AndroidStudioProjects\turbo_jank\PhotoGallery\tomcat\webapps\host-manager]
28-Feb-2020 15:18:41.051 INFO [main] org.apache.catalina.startup.HostConfig.deployDirectory Deployment of web application directory [C:\Users\Joseph\AndroidStudioProjects\turbo_jank\PhotoGallery\tomcat\webapps\host-manager] has finished in [31] ms
28-Feb-2020 15:18:41.051 INFO [main] org.apache.catalina.startup.HostConfig.deployDirectory Deploying web application directory [C:\Users\Joseph\AndroidStudioProjects\turbo_jank\PhotoGallery\tomcat\webapps\manager]
28-Feb-2020 15:18:41.089 INFO [main] org.apache.catalina.startup.HostConfig.deployDirectory Deployment of web application directory [C:\Users\Joseph\AndroidStudioProjects\turbo_jank\PhotoGallery\tomcat\webapps\manager] has finished in [38] ms
28-Feb-2020 15:18:41.089 INFO [main] org.apache.catalina.startup.HostConfig.deployDirectory Deploying web application directory [C:\Users\Joseph\AndroidStudioProjects\turbo_jank\PhotoGallery\tomcat\webapps\midp]
28-Feb-2020 15:18:41.136 INFO [main] org.apache.catalina.startup.HostConfig.deployDirectory Deployment of web application directory [C:\Users\Joseph\AndroidStudioProjects\turbo_jank\PhotoGallery\tomcat\webapps\midp] has finished in [47] ms
28-Feb-2020 15:18:41.136 INFO [main] org.apache.catalina.startup.HostConfig.deployDirectory Deploying web application directory [C:\Users\Joseph\AndroidStudioProjects\turbo_jank\PhotoGallery\tomcat\webapps\ROOT]
28-Feb-2020 15:18:41.173 INFO [main] org.apache.catalina.startup.HostConfig.deployDirectory Deployment of web application directory [C:\Users\Joseph\AndroidStudioProjects\turbo_jank\PhotoGallery\tomcat\webapps\ROOT] has finished in [37] ms
28-Feb-2020 15:18:41.173 INFO [main] org.apache.coyote.AbstractProtocol.start Starting ProtocolHandler ["http-nio-8081"]
28-Feb-2020 15:18:41.173 INFO [main] org.apache.coyote.AbstractProtocol.start Starting ProtocolHandler ["ajp-nio-8009"]
28-Feb-2020 15:18:41.189 INFO [main] org.apache.catalina.startup.Catalina.start Server startup in [947] milliseconds
28-Feb-2020 15:20:17.282 INFO [main] org.apache.catalina.startup.VersionLoggerListener.log Server version name:   Apache Tomcat/9.0.24
28-Feb-2020 15:20:17.288 INFO [main] org.apache.catalina.startup.VersionLoggerListener.log Server built:          Aug 14 2019 21:16:42 UTC
28-Feb-2020 15:20:17.288 INFO [main] org.apache.catalina.startup.VersionLoggerListener.log Server version number: 9.0.24.0
28-Feb-2020 15:20:17.288 INFO [main] org.apache.catalina.startup.VersionLoggerListener.log OS Name:               Windows 10
28-Feb-2020 15:20:17.288 INFO [main] org.apache.catalina.startup.VersionLoggerListener.log OS Version:            10.0
28-Feb-2020 15:20:17.288 INFO [main] org.apache.catalina.startup.VersionLoggerListener.log Architecture:          amd64
28-Feb-2020 15:20:17.288 INFO [main] org.apache.catalina.startup.VersionLoggerListener.log Java Home:             C:\Program Files\Java\jre1.8.0_241
28-Feb-2020 15:20:17.288 INFO [main] org.apache.catalina.startup.VersionLoggerListener.log JVM Version:           1.8.0_241-b07
28-Feb-2020 15:20:17.288 INFO [main] org.apache.catalina.startup.VersionLoggerListener.log JVM Vendor:            Oracle Corporation
28-Feb-2020 15:20:17.288 INFO [main] org.apache.catalina.startup.VersionLoggerListener.log CATALINA_BASE:         C:\Users\Joseph\AndroidStudioProjects\turbo_jank\PhotoGallery\tomcat
28-Feb-2020 15:20:17.288 INFO [main] org.apache.catalina.startup.VersionLoggerListener.log CATALINA_HOME:         C:\Users\Joseph\AndroidStudioProjects\turbo_jank\PhotoGallery\tomcat
28-Feb-2020 15:20:17.288 INFO [main] org.apache.catalina.startup.VersionLoggerListener.log Command line argument: -Djava.util.logging.config.file=C:\Users\Joseph\AndroidStudioProjects\turbo_jank\PhotoGallery\tomcat\conf\logging.properties
28-Feb-2020 15:20:17.288 INFO [main] org.apache.catalina.startup.VersionLoggerListener.log Command line argument: -Djava.util.logging.manager=org.apache.juli.ClassLoaderLogManager
28-Feb-2020 15:20:17.288 INFO [main] org.apache.catalina.startup.VersionLoggerListener.log Command line argument: -Djdk.tls.ephemeralDHKeySize=2048
28-Feb-2020 15:20:17.288 INFO [main] org.apache.catalina.startup.VersionLoggerListener.log Command line argument: -Djava.protocol.handler.pkgs=org.apache.catalina.webresources
28-Feb-2020 15:20:17.288 INFO [main] org.apache.catalina.startup.VersionLoggerListener.log Command line argument: -Dignore.endorsed.dirs=
28-Feb-2020 15:20:17.288 INFO [main] org.apache.catalina.startup.VersionLoggerListener.log Command line argument: -Dcatalina.base=C:\Users\Joseph\AndroidStudioProjects\turbo_jank\PhotoGallery\tomcat
28-Feb-2020 15:20:17.288 INFO [main] org.apache.catalina.startup.VersionLoggerListener.log Command line argument: -Dcatalina.home=C:\Users\Joseph\AndroidStudioProjects\turbo_jank\PhotoGallery\tomcat
28-Feb-2020 15:20:17.288 INFO [main] org.apache.catalina.startup.VersionLoggerListener.log Command line argument: -Djava.io.tmpdir=C:\Users\Joseph\AndroidStudioProjects\turbo_jank\PhotoGallery\tomcat\temp
28-Feb-2020 15:20:17.288 INFO [main] org.apache.catalina.core.AprLifecycleListener.lifecycleEvent Loaded APR based Apache Tomcat Native library [1.2.23] using APR version [1.7.0].
28-Feb-2020 15:20:17.288 INFO [main] org.apache.catalina.core.AprLifecycleListener.lifecycleEvent APR capabilities: IPv6 [true], sendfile [true], accept filters [false], random [true].
28-Feb-2020 15:20:17.288 INFO [main] org.apache.catalina.core.AprLifecycleListener.lifecycleEvent APR/OpenSSL configuration: useAprConnector [false], useOpenSSL [true]
28-Feb-2020 15:20:17.288 INFO [main] org.apache.catalina.core.AprLifecycleListener.initializeSSL OpenSSL successfully initialized [OpenSSL 1.1.1c  28 May 2019]
28-Feb-2020 15:20:17.620 INFO [main] org.apache.coyote.AbstractProtocol.init Initializing ProtocolHandler ["http-nio-8081"]
28-Feb-2020 15:20:17.836 INFO [main] org.apache.coyote.AbstractProtocol.init Initializing ProtocolHandler ["ajp-nio-8009"]
28-Feb-2020 15:20:17.836 INFO [main] org.apache.catalina.startup.Catalina.load Server initialization in [774] milliseconds
28-Feb-2020 15:20:17.867 INFO [main] org.apache.catalina.core.StandardService.startInternal Starting service [Catalina]
28-Feb-2020 15:20:17.867 INFO [main] org.apache.catalina.core.StandardEngine.startInternal Starting Servlet engine: [Apache Tomcat/9.0.24]
28-Feb-2020 15:20:17.890 INFO [main] org.apache.catalina.startup.HostConfig.deployDirectory Deploying web application directory [C:\Users\Joseph\AndroidStudioProjects\turbo_jank\PhotoGallery\tomcat\webapps\docs]
28-Feb-2020 15:20:18.137 INFO [main] org.apache.catalina.startup.HostConfig.deployDirectory Deployment of web application directory [C:\Users\Joseph\AndroidStudioProjects\turbo_jank\PhotoGallery\tomcat\webapps\docs] has finished in [247] ms
28-Feb-2020 15:20:18.137 INFO [main] org.apache.catalina.startup.HostConfig.deployDirectory Deploying web application directory [C:\Users\Joseph\AndroidStudioProjects\turbo_jank\PhotoGallery\tomcat\webapps\examples]
28-Feb-2020 15:20:18.553 INFO [main] org.apache.catalina.startup.HostConfig.deployDirectory Deployment of web application directory [C:\Users\Joseph\AndroidStudioProjects\turbo_jank\PhotoGallery\tomcat\webapps\examples] has finished in [416] ms
28-Feb-2020 15:20:18.553 INFO [main] org.apache.catalina.startup.HostConfig.deployDirectory Deploying web application directory [C:\Users\Joseph\AndroidStudioProjects\turbo_jank\PhotoGallery\tomcat\webapps\host-manager]
28-Feb-2020 15:20:18.591 INFO [main] org.apache.catalina.startup.HostConfig.deployDirectory Deployment of web application directory [C:\Users\Joseph\AndroidStudioProjects\turbo_jank\PhotoGallery\tomcat\webapps\host-manager] has finished in [38] ms
28-Feb-2020 15:20:18.591 INFO [main] org.apache.catalina.startup.HostConfig.deployDirectory Deploying web application directory [C:\Users\Joseph\AndroidStudioProjects\turbo_jank\PhotoGallery\tomcat\webapps\manager]
28-Feb-2020 15:20:18.622 INFO [main] org.apache.catalina.startup.HostConfig.deployDirectory Deployment of web application directory [C:\Users\Joseph\AndroidStudioProjects\turbo_jank\PhotoGallery\tomcat\webapps\manager] has finished in [31] ms
28-Feb-2020 15:20:18.622 INFO [main] org.apache.catalina.startup.HostConfig.deployDirectory Deploying web application directory [C:\Users\Joseph\AndroidStudioProjects\turbo_jank\PhotoGallery\tomcat\webapps\midp]
28-Feb-2020 15:20:18.685 INFO [main] org.apache.catalina.startup.HostConfig.deployDirectory Deployment of web application directory [C:\Users\Joseph\AndroidStudioProjects\turbo_jank\PhotoGallery\tomcat\webapps\midp] has finished in [63] ms
28-Feb-2020 15:20:18.691 INFO [main] org.apache.catalina.startup.HostConfig.deployDirectory Deploying web application directory [C:\Users\Joseph\AndroidStudioProjects\turbo_jank\PhotoGallery\tomcat\webapps\ROOT]
28-Feb-2020 15:20:18.723 INFO [main] org.apache.catalina.startup.HostConfig.deployDirectory Deployment of web application directory [C:\Users\Joseph\AndroidStudioProjects\turbo_jank\PhotoGallery\tomcat\webapps\ROOT] has finished in [32] ms
28-Feb-2020 15:20:18.723 INFO [main] org.apache.coyote.AbstractProtocol.start Starting ProtocolHandler ["http-nio-8081"]
28-Feb-2020 15:20:18.738 INFO [main] org.apache.coyote.AbstractProtocol.start Starting ProtocolHandler ["ajp-nio-8009"]
28-Feb-2020 15:20:18.738 INFO [main] org.apache.catalina.startup.Catalina.start Server startup in [897] milliseconds
28-Feb-2020 15:24:46.068 INFO [main] org.apache.catalina.startup.VersionLoggerListener.log Server version name:   Apache Tomcat/9.0.24
28-Feb-2020 15:24:46.068 INFO [main] org.apache.catalina.startup.VersionLoggerListener.log Server built:          Aug 14 2019 21:16:42 UTC
28-Feb-2020 15:24:46.068 INFO [main] org.apache.catalina.startup.VersionLoggerListener.log Server version number: 9.0.24.0
28-Feb-2020 15:24:46.068 INFO [main] org.apache.catalina.startup.VersionLoggerListener.log OS Name:               Windows 10
28-Feb-2020 15:24:46.068 INFO [main] org.apache.catalina.startup.VersionLoggerListener.log OS Version:            10.0
28-Feb-2020 15:24:46.068 INFO [main] org.apache.catalina.startup.VersionLoggerListener.log Architecture:          amd64
28-Feb-2020 15:24:46.068 INFO [main] org.apache.catalina.startup.VersionLoggerListener.log Java Home:             C:\Program Files\Java\jre1.8.0_241
28-Feb-2020 15:24:46.068 INFO [main] org.apache.catalina.startup.VersionLoggerListener.log JVM Version:           1.8.0_241-b07
28-Feb-2020 15:24:46.068 INFO [main] org.apache.catalina.startup.VersionLoggerListener.log JVM Vendor:            Oracle Corporation
28-Feb-2020 15:24:46.068 INFO [main] org.apache.catalina.startup.VersionLoggerListener.log CATALINA_BASE:         C:\Users\Joseph\AndroidStudioProjects\turbo_jank\PhotoGallery\tomcat
28-Feb-2020 15:24:46.068 INFO [main] org.apache.catalina.startup.VersionLoggerListener.log CATALINA_HOME:         C:\Users\Joseph\AndroidStudioProjects\turbo_jank\PhotoGallery\tomcat
28-Feb-2020 15:24:46.083 INFO [main] org.apache.catalina.startup.VersionLoggerListener.log Command line argument: -Djava.util.logging.config.file=C:\Users\Joseph\AndroidStudioProjects\turbo_jank\PhotoGallery\tomcat\conf\logging.properties
28-Feb-2020 15:24:46.083 INFO [main] org.apache.catalina.startup.VersionLoggerListener.log Command line argument: -Djava.util.logging.manager=org.apache.juli.ClassLoaderLogManager
28-Feb-2020 15:24:46.083 INFO [main] org.apache.catalina.startup.VersionLoggerListener.log Command line argument: -Djdk.tls.ephemeralDHKeySize=2048
28-Feb-2020 15:24:46.083 INFO [main] org.apache.catalina.startup.VersionLoggerListener.log Command line argument: -Djava.protocol.handler.pkgs=org.apache.catalina.webresources
28-Feb-2020 15:24:46.083 INFO [main] org.apache.catalina.startup.VersionLoggerListener.log Command line argument: -Dignore.endorsed.dirs=
28-Feb-2020 15:24:46.083 INFO [main] org.apache.catalina.startup.VersionLoggerListener.log Command line argument: -Dcatalina.base=C:\Users\Joseph\AndroidStudioProjects\turbo_jank\PhotoGallery\tomcat
28-Feb-2020 15:24:46.083 INFO [main] org.apache.catalina.startup.VersionLoggerListener.log Command line argument: -Dcatalina.home=C:\Users\Joseph\AndroidStudioProjects\turbo_jank\PhotoGallery\tomcat
28-Feb-2020 15:24:46.083 INFO [main] org.apache.catalina.startup.VersionLoggerListener.log Command line argument: -Djava.io.tmpdir=C:\Users\Joseph\AndroidStudioProjects\turbo_jank\PhotoGallery\tomcat\temp
28-Feb-2020 15:24:46.083 INFO [main] org.apache.catalina.core.AprLifecycleListener.lifecycleEvent Loaded APR based Apache Tomcat Native library [1.2.23] using APR version [1.7.0].
28-Feb-2020 15:24:46.083 INFO [main] org.apache.catalina.core.AprLifecycleListener.lifecycleEvent APR capabilities: IPv6 [true], sendfile [true], accept filters [false], random [true].
28-Feb-2020 15:24:46.083 INFO [main] org.apache.catalina.core.AprLifecycleListener.lifecycleEvent APR/OpenSSL configuration: useAprConnector [false], useOpenSSL [true]
28-Feb-2020 15:24:46.083 INFO [main] org.apache.catalina.core.AprLifecycleListener.initializeSSL OpenSSL successfully initialized [OpenSSL 1.1.1c  28 May 2019]
28-Feb-2020 15:24:46.453 INFO [main] org.apache.coyote.AbstractProtocol.init Initializing ProtocolHandler ["http-nio-8081"]
28-Feb-2020 15:24:46.669 INFO [main] org.apache.coyote.AbstractProtocol.init Initializing ProtocolHandler ["ajp-nio-8009"]
28-Feb-2020 15:24:46.685 INFO [main] org.apache.catalina.startup.Catalina.load Server initialization in [820] milliseconds
28-Feb-2020 15:24:46.732 INFO [main] org.apache.catalina.core.StandardService.startInternal Starting service [Catalina]
28-Feb-2020 15:24:46.732 INFO [main] org.apache.catalina.core.StandardEngine.startInternal Starting Servlet engine: [Apache Tomcat/9.0.24]
28-Feb-2020 15:24:46.738 INFO [main] org.apache.catalina.startup.HostConfig.deployDirectory Deploying web application directory [C:\Users\Joseph\AndroidStudioProjects\turbo_jank\PhotoGallery\tomcat\webapps\docs]
28-Feb-2020 15:24:47.001 INFO [main] org.apache.catalina.startup.HostConfig.deployDirectory Deployment of web application directory [C:\Users\Joseph\AndroidStudioProjects\turbo_jank\PhotoGallery\tomcat\webapps\docs] has finished in [263] ms
28-Feb-2020 15:24:47.001 INFO [main] org.apache.catalina.startup.HostConfig.deployDirectory Deploying web application directory [C:\Users\Joseph\AndroidStudioProjects\turbo_jank\PhotoGallery\tomcat\webapps\examples]
28-Feb-2020 15:24:47.448 INFO [main] org.apache.catalina.startup.HostConfig.deployDirectory Deployment of web application directory [C:\Users\Joseph\AndroidStudioProjects\turbo_jank\PhotoGallery\tomcat\webapps\examples] has finished in [447] ms
28-Feb-2020 15:24:47.448 INFO [main] org.apache.catalina.startup.HostConfig.deployDirectory Deploying web application directory [C:\Users\Joseph\AndroidStudioProjects\turbo_jank\PhotoGallery\tomcat\webapps\host-manager]
28-Feb-2020 15:24:47.479 INFO [main] org.apache.catalina.startup.HostConfig.deployDirectory Deployment of web application directory [C:\Users\Joseph\AndroidStudioProjects\turbo_jank\PhotoGallery\tomcat\webapps\host-manager] has finished in [31] ms
28-Feb-2020 15:24:47.479 INFO [main] org.apache.catalina.startup.HostConfig.deployDirectory Deploying web application directory [C:\Users\Joseph\AndroidStudioProjects\turbo_jank\PhotoGallery\tomcat\webapps\manager]
28-Feb-2020 15:24:47.517 INFO [main] org.apache.catalina.startup.HostConfig.deployDirectory Deployment of web application directory [C:\Users\Joseph\AndroidStudioProjects\turbo_jank\PhotoGallery\tomcat\webapps\manager] has finished in [38] ms
28-Feb-2020 15:24:47.517 INFO [main] org.apache.catalina.startup.HostConfig.deployDirectory Deploying web application directory [C:\Users\Joseph\AndroidStudioProjects\turbo_jank\PhotoGallery\tomcat\webapps\midp]
28-Feb-2020 15:24:47.564 INFO [main] org.apache.catalina.startup.HostConfig.deployDirectory Deployment of web application directory [C:\Users\Joseph\AndroidStudioProjects\turbo_jank\PhotoGallery\tomcat\webapps\midp] has finished in [47] ms
28-Feb-2020 15:24:47.564 INFO [main] org.apache.catalina.startup.HostConfig.deployDirectory Deploying web application directory [C:\Users\Joseph\AndroidStudioProjects\turbo_jank\PhotoGallery\tomcat\webapps\ROOT]
28-Feb-2020 15:24:47.601 INFO [main] org.apache.catalina.startup.HostConfig.deployDirectory Deployment of web application directory [C:\Users\Joseph\AndroidStudioProjects\turbo_jank\PhotoGallery\tomcat\webapps\ROOT] has finished in [37] ms
28-Feb-2020 15:24:47.601 INFO [main] org.apache.coyote.AbstractProtocol.start Starting ProtocolHandler ["http-nio-8081"]
28-Feb-2020 15:24:47.601 INFO [main] org.apache.coyote.AbstractProtocol.start Starting ProtocolHandler ["ajp-nio-8009"]
28-Feb-2020 15:24:47.617 INFO [main] org.apache.catalina.startup.Catalina.start Server startup in [926] milliseconds
28-Feb-2020 15:27:24.361 INFO [main] org.apache.catalina.startup.VersionLoggerListener.log Server version name:   Apache Tomcat/9.0.24
28-Feb-2020 15:27:24.361 INFO [main] org.apache.catalina.startup.VersionLoggerListener.log Server built:          Aug 14 2019 21:16:42 UTC
28-Feb-2020 15:27:24.361 INFO [main] org.apache.catalina.startup.VersionLoggerListener.log Server version number: 9.0.24.0
28-Feb-2020 15:27:24.361 INFO [main] org.apache.catalina.startup.VersionLoggerListener.log OS Name:               Windows 10
28-Feb-2020 15:27:24.361 INFO [main] org.apache.catalina.startup.VersionLoggerListener.log OS Version:            10.0
28-Feb-2020 15:27:24.361 INFO [main] org.apache.catalina.startup.VersionLoggerListener.log Architecture:          amd64
28-Feb-2020 15:27:24.361 INFO [main] org.apache.catalina.startup.VersionLoggerListener.log Java Home:             C:\Program Files\Java\jre1.8.0_241
28-Feb-2020 15:27:24.361 INFO [main] org.apache.catalina.startup.VersionLoggerListener.log JVM Version:           1.8.0_241-b07
28-Feb-2020 15:27:24.361 INFO [main] org.apache.catalina.startup.VersionLoggerListener.log JVM Vendor:            Oracle Corporation
28-Feb-2020 15:27:24.361 INFO [main] org.apache.catalina.startup.VersionLoggerListener.log CATALINA_BASE:         C:\Users\Joseph\AndroidStudioProjects\turbo_jank\PhotoGallery\tomcat
28-Feb-2020 15:27:24.361 INFO [main] org.apache.catalina.startup.VersionLoggerListener.log CATALINA_HOME:         C:\Users\Joseph\AndroidStudioProjects\turbo_jank\PhotoGallery\tomcat
28-Feb-2020 15:27:24.361 INFO [main] org.apache.catalina.startup.VersionLoggerListener.log Command line argument: -Djava.util.logging.config.file=C:\Users\Joseph\AndroidStudioProjects\turbo_jank\PhotoGallery\tomcat\conf\logging.properties
28-Feb-2020 15:27:24.361 INFO [main] org.apache.catalina.startup.VersionLoggerListener.log Command line argument: -Djava.util.logging.manager=org.apache.juli.ClassLoaderLogManager
28-Feb-2020 15:27:24.361 INFO [main] org.apache.catalina.startup.VersionLoggerListener.log Command line argument: -Djdk.tls.ephemeralDHKeySize=2048
28-Feb-2020 15:27:24.361 INFO [main] org.apache.catalina.startup.VersionLoggerListener.log Command line argument: -Djava.protocol.handler.pkgs=org.apache.catalina.webresources
28-Feb-2020 15:27:24.361 INFO [main] org.apache.catalina.startup.VersionLoggerListener.log Command line argument: -Dignore.endorsed.dirs=
28-Feb-2020 15:27:24.361 INFO [main] org.apache.catalina.startup.VersionLoggerListener.log Command line argument: -Dcatalina.base=C:\Users\Joseph\AndroidStudioProjects\turbo_jank\PhotoGallery\tomcat
28-Feb-2020 15:27:24.376 INFO [main] org.apache.catalina.startup.VersionLoggerListener.log Command line argument: -Dcatalina.home=C:\Users\Joseph\AndroidStudioProjects\turbo_jank\PhotoGallery\tomcat
28-Feb-2020 15:27:24.376 INFO [main] org.apache.catalina.startup.VersionLoggerListener.log Command line argument: -Djava.io.tmpdir=C:\Users\Joseph\AndroidStudioProjects\turbo_jank\PhotoGallery\tomcat\temp
28-Feb-2020 15:27:24.376 INFO [main] org.apache.catalina.core.AprLifecycleListener.lifecycleEvent Loaded APR based Apache Tomcat Native library [1.2.23] using APR version [1.7.0].
28-Feb-2020 15:27:24.376 INFO [main] org.apache.catalina.core.AprLifecycleListener.lifecycleEvent APR capabilities: IPv6 [true], sendfile [true], accept filters [false], random [true].
28-Feb-2020 15:27:24.376 INFO [main] org.apache.catalina.core.AprLifecycleListener.lifecycleEvent APR/OpenSSL configuration: useAprConnector [false], useOpenSSL [true]
28-Feb-2020 15:27:24.376 INFO [main] org.apache.catalina.core.AprLifecycleListener.initializeSSL OpenSSL successfully initialized [OpenSSL 1.1.1c  28 May 2019]
28-Feb-2020 15:27:24.777 INFO [main] org.apache.coyote.AbstractProtocol.init Initializing ProtocolHandler ["http-nio-8081"]
28-Feb-2020 15:27:24.993 SEVERE [main] org.apache.catalina.util.LifecycleBase.handleSubClassException Failed to initialize component [Connector[HTTP/1.1-8081]]
	org.apache.catalina.LifecycleException: Protocol handler initialization failed
		at org.apache.catalina.connector.Connector.initInternal(Connector.java:983)
		at org.apache.catalina.util.LifecycleBase.init(LifecycleBase.java:136)
		at org.apache.catalina.core.StandardService.initInternal(StandardService.java:533)
		at org.apache.catalina.util.LifecycleBase.init(LifecycleBase.java:136)
		at org.apache.catalina.core.StandardServer.initInternal(StandardServer.java:1059)
		at org.apache.catalina.util.LifecycleBase.init(LifecycleBase.java:136)
		at org.apache.catalina.startup.Catalina.load(Catalina.java:584)
		at org.apache.catalina.startup.Catalina.load(Catalina.java:607)
		at sun.reflect.NativeMethodAccessorImpl.invoke0(Native Method)
		at sun.reflect.NativeMethodAccessorImpl.invoke(Unknown Source)
		at sun.reflect.DelegatingMethodAccessorImpl.invoke(Unknown Source)
		at java.lang.reflect.Method.invoke(Unknown Source)
		at org.apache.catalina.startup.Bootstrap.load(Bootstrap.java:304)
		at org.apache.catalina.startup.Bootstrap.main(Bootstrap.java:474)
	Caused by: java.net.BindException: Address already in use: bind
		at sun.nio.ch.Net.bind0(Native Method)
		at sun.nio.ch.Net.bind(Unknown Source)
		at sun.nio.ch.Net.bind(Unknown Source)
		at sun.nio.ch.ServerSocketChannelImpl.bind(Unknown Source)
		at sun.nio.ch.ServerSocketAdaptor.bind(Unknown Source)
		at org.apache.tomcat.util.net.NioEndpoint.initServerSocket(NioEndpoint.java:230)
		at org.apache.tomcat.util.net.NioEndpoint.bind(NioEndpoint.java:213)
		at org.apache.tomcat.util.net.AbstractEndpoint.bindWithCleanup(AbstractEndpoint.java:1124)
		at org.apache.tomcat.util.net.AbstractEndpoint.init(AbstractEndpoint.java:1137)
		at org.apache.coyote.AbstractProtocol.init(AbstractProtocol.java:574)
		at org.apache.coyote.http11.AbstractHttp11Protocol.init(AbstractHttp11Protocol.java:74)
		at org.apache.catalina.connector.Connector.initInternal(Connector.java:980)
		... 13 more
28-Feb-2020 15:27:25.009 INFO [main] org.apache.coyote.AbstractProtocol.init Initializing ProtocolHandler ["ajp-nio-8009"]
28-Feb-2020 15:27:25.009 SEVERE [main] org.apache.catalina.util.LifecycleBase.handleSubClassException Failed to initialize component [Connector[AJP/1.3-8009]]
	org.apache.catalina.LifecycleException: Protocol handler initialization failed
		at org.apache.catalina.connector.Connector.initInternal(Connector.java:983)
		at org.apache.catalina.util.LifecycleBase.init(LifecycleBase.java:136)
		at org.apache.catalina.core.StandardService.initInternal(StandardService.java:533)
		at org.apache.catalina.util.LifecycleBase.init(LifecycleBase.java:136)
		at org.apache.catalina.core.StandardServer.initInternal(StandardServer.java:1059)
		at org.apache.catalina.util.LifecycleBase.init(LifecycleBase.java:136)
		at org.apache.catalina.startup.Catalina.load(Catalina.java:584)
		at org.apache.catalina.startup.Catalina.load(Catalina.java:607)
		at sun.reflect.NativeMethodAccessorImpl.invoke0(Native Method)
		at sun.reflect.NativeMethodAccessorImpl.invoke(Unknown Source)
		at sun.reflect.DelegatingMethodAccessorImpl.invoke(Unknown Source)
		at java.lang.reflect.Method.invoke(Unknown Source)
		at org.apache.catalina.startup.Bootstrap.load(Bootstrap.java:304)
		at org.apache.catalina.startup.Bootstrap.main(Bootstrap.java:474)
	Caused by: java.net.BindException: Address already in use: bind
		at sun.nio.ch.Net.bind0(Native Method)
		at sun.nio.ch.Net.bind(Unknown Source)
		at sun.nio.ch.Net.bind(Unknown Source)
		at sun.nio.ch.ServerSocketChannelImpl.bind(Unknown Source)
		at sun.nio.ch.ServerSocketAdaptor.bind(Unknown Source)
		at org.apache.tomcat.util.net.NioEndpoint.initServerSocket(NioEndpoint.java:230)
		at org.apache.tomcat.util.net.NioEndpoint.bind(NioEndpoint.java:213)
		at org.apache.tomcat.util.net.AbstractEndpoint.bindWithCleanup(AbstractEndpoint.java:1124)
		at org.apache.tomcat.util.net.AbstractEndpoint.init(AbstractEndpoint.java:1137)
		at org.apache.coyote.AbstractProtocol.init(AbstractProtocol.java:574)
		at org.apache.catalina.connector.Connector.initInternal(Connector.java:980)
		... 13 more
28-Feb-2020 15:27:25.009 INFO [main] org.apache.catalina.startup.Catalina.load Server initialization in [872] milliseconds
28-Feb-2020 15:27:25.040 INFO [main] org.apache.catalina.core.StandardService.startInternal Starting service [Catalina]
28-Feb-2020 15:27:25.047 INFO [main] org.apache.catalina.core.StandardEngine.startInternal Starting Servlet engine: [Apache Tomcat/9.0.24]
28-Feb-2020 15:27:25.047 INFO [main] org.apache.catalina.startup.HostConfig.deployDirectory Deploying web application directory [C:\Users\Joseph\AndroidStudioProjects\turbo_jank\PhotoGallery\tomcat\webapps\docs]
28-Feb-2020 15:27:25.341 INFO [main] org.apache.catalina.startup.HostConfig.deployDirectory Deployment of web application directory [C:\Users\Joseph\AndroidStudioProjects\turbo_jank\PhotoGallery\tomcat\webapps\docs] has finished in [294] ms
28-Feb-2020 15:27:25.341 INFO [main] org.apache.catalina.startup.HostConfig.deployDirectory Deploying web application directory [C:\Users\Joseph\AndroidStudioProjects\turbo_jank\PhotoGallery\tomcat\webapps\examples]
28-Feb-2020 15:27:25.795 INFO [main] org.apache.catalina.startup.HostConfig.deployDirectory Deployment of web application directory [C:\Users\Joseph\AndroidStudioProjects\turbo_jank\PhotoGallery\tomcat\webapps\examples] has finished in [454] ms
28-Feb-2020 15:27:25.795 INFO [main] org.apache.catalina.startup.HostConfig.deployDirectory Deploying web application directory [C:\Users\Joseph\AndroidStudioProjects\turbo_jank\PhotoGallery\tomcat\webapps\host-manager]
28-Feb-2020 15:27:25.849 INFO [main] org.apache.catalina.startup.HostConfig.deployDirectory Deployment of web application directory [C:\Users\Joseph\AndroidStudioProjects\turbo_jank\PhotoGallery\tomcat\webapps\host-manager] has finished in [54] ms
28-Feb-2020 15:27:25.849 INFO [main] org.apache.catalina.startup.HostConfig.deployDirectory Deploying web application directory [C:\Users\Joseph\AndroidStudioProjects\turbo_jank\PhotoGallery\tomcat\webapps\manager]
28-Feb-2020 15:27:25.895 INFO [main] org.apache.catalina.startup.HostConfig.deployDirectory Deployment of web application directory [C:\Users\Joseph\AndroidStudioProjects\turbo_jank\PhotoGallery\tomcat\webapps\manager] has finished in [46] ms
28-Feb-2020 15:27:25.895 INFO [main] org.apache.catalina.startup.HostConfig.deployDirectory Deploying web application directory [C:\Users\Joseph\AndroidStudioProjects\turbo_jank\PhotoGallery\tomcat\webapps\midp]
28-Feb-2020 15:27:25.949 INFO [main] org.apache.catalina.startup.HostConfig.deployDirectory Deployment of web application directory [C:\Users\Joseph\AndroidStudioProjects\turbo_jank\PhotoGallery\tomcat\webapps\midp] has finished in [54] ms
28-Feb-2020 15:27:25.949 INFO [main] org.apache.catalina.startup.HostConfig.deployDirectory Deploying web application directory [C:\Users\Joseph\AndroidStudioProjects\turbo_jank\PhotoGallery\tomcat\webapps\ROOT]
28-Feb-2020 15:27:25.980 INFO [main] org.apache.catalina.startup.HostConfig.deployDirectory Deployment of web application directory [C:\Users\Joseph\AndroidStudioProjects\turbo_jank\PhotoGallery\tomcat\webapps\ROOT] has finished in [31] ms
28-Feb-2020 15:27:25.996 INFO [main] org.apache.catalina.startup.Catalina.start Server startup in [984] milliseconds
28-Feb-2020 15:27:28.084 INFO [main] org.apache.catalina.startup.VersionLoggerListener.log Server version name:   Apache Tomcat/9.0.24
28-Feb-2020 15:27:28.099 INFO [main] org.apache.catalina.startup.VersionLoggerListener.log Server built:          Aug 14 2019 21:16:42 UTC
28-Feb-2020 15:27:28.099 INFO [main] org.apache.catalina.startup.VersionLoggerListener.log Server version number: 9.0.24.0
28-Feb-2020 15:27:28.099 INFO [main] org.apache.catalina.startup.VersionLoggerListener.log OS Name:               Windows 10
28-Feb-2020 15:27:28.099 INFO [main] org.apache.catalina.startup.VersionLoggerListener.log OS Version:            10.0
28-Feb-2020 15:27:28.099 INFO [main] org.apache.catalina.startup.VersionLoggerListener.log Architecture:          amd64
28-Feb-2020 15:27:28.099 INFO [main] org.apache.catalina.startup.VersionLoggerListener.log Java Home:             C:\Program Files\Java\jre1.8.0_241
28-Feb-2020 15:27:28.099 INFO [main] org.apache.catalina.startup.VersionLoggerListener.log JVM Version:           1.8.0_241-b07
28-Feb-2020 15:27:28.099 INFO [main] org.apache.catalina.startup.VersionLoggerListener.log JVM Vendor:            Oracle Corporation
28-Feb-2020 15:27:28.099 INFO [main] org.apache.catalina.startup.VersionLoggerListener.log CATALINA_BASE:         C:\Users\Joseph\AndroidStudioProjects\turbo_jank\PhotoGallery\tomcat
28-Feb-2020 15:27:28.099 INFO [main] org.apache.catalina.startup.VersionLoggerListener.log CATALINA_HOME:         C:\Users\Joseph\AndroidStudioProjects\turbo_jank\PhotoGallery\tomcat
28-Feb-2020 15:27:28.099 INFO [main] org.apache.catalina.startup.VersionLoggerListener.log Command line argument: -Djava.util.logging.config.file=C:\Users\Joseph\AndroidStudioProjects\turbo_jank\PhotoGallery\tomcat\conf\logging.properties
28-Feb-2020 15:27:28.099 INFO [main] org.apache.catalina.startup.VersionLoggerListener.log Command line argument: -Djava.util.logging.manager=org.apache.juli.ClassLoaderLogManager
28-Feb-2020 15:27:28.099 INFO [main] org.apache.catalina.startup.VersionLoggerListener.log Command line argument: -Djdk.tls.ephemeralDHKeySize=2048
28-Feb-2020 15:27:28.099 INFO [main] org.apache.catalina.startup.VersionLoggerListener.log Command line argument: -Djava.protocol.handler.pkgs=org.apache.catalina.webresources
28-Feb-2020 15:27:28.099 INFO [main] org.apache.catalina.startup.VersionLoggerListener.log Command line argument: -Dignore.endorsed.dirs=
28-Feb-2020 15:27:28.099 INFO [main] org.apache.catalina.startup.VersionLoggerListener.log Command line argument: -Dcatalina.base=C:\Users\Joseph\AndroidStudioProjects\turbo_jank\PhotoGallery\tomcat
28-Feb-2020 15:27:28.099 INFO [main] org.apache.catalina.startup.VersionLoggerListener.log Command line argument: -Dcatalina.home=C:\Users\Joseph\AndroidStudioProjects\turbo_jank\PhotoGallery\tomcat
28-Feb-2020 15:27:28.099 INFO [main] org.apache.catalina.startup.VersionLoggerListener.log Command line argument: -Djava.io.tmpdir=C:\Users\Joseph\AndroidStudioProjects\turbo_jank\PhotoGallery\tomcat\temp
28-Feb-2020 15:27:28.099 INFO [main] org.apache.catalina.core.AprLifecycleListener.lifecycleEvent Loaded APR based Apache Tomcat Native library [1.2.23] using APR version [1.7.0].
28-Feb-2020 15:27:28.099 INFO [main] org.apache.catalina.core.AprLifecycleListener.lifecycleEvent APR capabilities: IPv6 [true], sendfile [true], accept filters [false], random [true].
28-Feb-2020 15:27:28.099 INFO [main] org.apache.catalina.core.AprLifecycleListener.lifecycleEvent APR/OpenSSL configuration: useAprConnector [false], useOpenSSL [true]
28-Feb-2020 15:27:28.115 INFO [main] org.apache.catalina.core.AprLifecycleListener.initializeSSL OpenSSL successfully initialized [OpenSSL 1.1.1c  28 May 2019]
28-Feb-2020 15:27:28.469 INFO [main] org.apache.coyote.AbstractProtocol.init Initializing ProtocolHandler ["http-nio-8081"]
28-Feb-2020 15:27:28.685 INFO [main] org.apache.coyote.AbstractProtocol.init Initializing ProtocolHandler ["ajp-nio-8009"]
28-Feb-2020 15:27:28.685 INFO [main] org.apache.catalina.startup.Catalina.load Server initialization in [814] milliseconds
28-Feb-2020 15:27:28.770 INFO [main] org.apache.catalina.core.StandardService.startInternal Starting service [Catalina]
28-Feb-2020 15:27:28.770 INFO [main] org.apache.catalina.core.StandardEngine.startInternal Starting Servlet engine: [Apache Tomcat/9.0.24]
28-Feb-2020 15:27:28.785 INFO [main] org.apache.catalina.startup.HostConfig.deployDirectory Deploying web application directory [C:\Users\Joseph\AndroidStudioProjects\turbo_jank\PhotoGallery\tomcat\webapps\docs]
28-Feb-2020 15:27:29.102 INFO [main] org.apache.catalina.startup.HostConfig.deployDirectory Deployment of web application directory [C:\Users\Joseph\AndroidStudioProjects\turbo_jank\PhotoGallery\tomcat\webapps\docs] has finished in [317] ms
28-Feb-2020 15:27:29.102 INFO [main] org.apache.catalina.startup.HostConfig.deployDirectory Deploying web application directory [C:\Users\Joseph\AndroidStudioProjects\turbo_jank\PhotoGallery\tomcat\webapps\examples]
28-Feb-2020 15:27:29.565 INFO [main] org.apache.catalina.startup.HostConfig.deployDirectory Deployment of web application directory [C:\Users\Joseph\AndroidStudioProjects\turbo_jank\PhotoGallery\tomcat\webapps\examples] has finished in [463] ms
28-Feb-2020 15:27:29.565 INFO [main] org.apache.catalina.startup.HostConfig.deployDirectory Deploying web application directory [C:\Users\Joseph\AndroidStudioProjects\turbo_jank\PhotoGallery\tomcat\webapps\host-manager]
28-Feb-2020 15:27:29.603 INFO [main] org.apache.catalina.startup.HostConfig.deployDirectory Deployment of web application directory [C:\Users\Joseph\AndroidStudioProjects\turbo_jank\PhotoGallery\tomcat\webapps\host-manager] has finished in [38] ms
28-Feb-2020 15:27:29.603 INFO [main] org.apache.catalina.startup.HostConfig.deployDirectory Deploying web application directory [C:\Users\Joseph\AndroidStudioProjects\turbo_jank\PhotoGallery\tomcat\webapps\manager]
28-Feb-2020 15:27:29.650 INFO [main] org.apache.catalina.startup.HostConfig.deployDirectory Deployment of web application directory [C:\Users\Joseph\AndroidStudioProjects\turbo_jank\PhotoGallery\tomcat\webapps\manager] has finished in [47] ms
28-Feb-2020 15:27:29.650 INFO [main] org.apache.catalina.startup.HostConfig.deployDirectory Deploying web application directory [C:\Users\Joseph\AndroidStudioProjects\turbo_jank\PhotoGallery\tomcat\webapps\midp]
28-Feb-2020 15:27:29.703 INFO [main] org.apache.catalina.startup.HostConfig.deployDirectory Deployment of web application directory [C:\Users\Joseph\AndroidStudioProjects\turbo_jank\PhotoGallery\tomcat\webapps\midp] has finished in [53] ms
28-Feb-2020 15:27:29.703 INFO [main] org.apache.catalina.startup.HostConfig.deployDirectory Deploying web application directory [C:\Users\Joseph\AndroidStudioProjects\turbo_jank\PhotoGallery\tomcat\webapps\ROOT]
28-Feb-2020 15:27:29.734 INFO [main] org.apache.catalina.startup.HostConfig.deployDirectory Deployment of web application directory [C:\Users\Joseph\AndroidStudioProjects\turbo_jank\PhotoGallery\tomcat\webapps\ROOT] has finished in [31] ms
28-Feb-2020 15:27:29.750 INFO [main] org.apache.coyote.AbstractProtocol.start Starting ProtocolHandler ["http-nio-8081"]
28-Feb-2020 15:27:29.750 INFO [main] org.apache.coyote.AbstractProtocol.start Starting ProtocolHandler ["ajp-nio-8009"]
28-Feb-2020 15:27:29.750 INFO [main] org.apache.catalina.startup.Catalina.start Server startup in [1,065] milliseconds
