19-Mar-2020 06:32:05.915 INFO [main] org.apache.catalina.core.ApplicationContext.log ContextListener: contextInitialized()
19-Mar-2020 06:32:05.915 INFO [main] org.apache.catalina.core.ApplicationContext.log SessionListener: contextInitialized()
19-Mar-2020 06:32:05.918 INFO [main] org.apache.catalina.core.ApplicationContext.log ContextListener: attributeAdded('StockTicker', 'async.Stockticker@152c4495')
19-Mar-2020 06:36:26.954 INFO [main] org.apache.catalina.core.ApplicationContext.log ContextListener: contextInitialized()
19-Mar-2020 06:36:26.956 INFO [main] org.apache.catalina.core.ApplicationContext.log SessionListener: contextInitialized()
19-Mar-2020 06:36:26.961 INFO [main] org.apache.catalina.core.ApplicationContext.log ContextListener: attributeAdded('StockTicker', 'async.Stockticker@152c4495')
19-Mar-2020 06:45:13.253 INFO [main] org.apache.catalina.core.ApplicationContext.log ContextListener: contextInitialized()
19-Mar-2020 06:45:13.253 INFO [main] org.apache.catalina.core.ApplicationContext.log SessionListener: contextInitialized()
19-Mar-2020 06:45:13.256 INFO [main] org.apache.catalina.core.ApplicationContext.log ContextListener: attributeAdded('StockTicker', 'async.Stockticker@152c4495')
19-Mar-2020 07:52:44.393 SEVERE [http-nio-8081-exec-7] org.apache.catalina.core.StandardWrapperValve.invoke Servlet.service() for servlet [UploadPage] in context with path [/photogallery] threw exception
	java.lang.NullPointerException
		at UploadServlet.doGet(UploadServlet.java:57)
		at javax.servlet.http.HttpServlet.service(HttpServlet.java:634)
		at javax.servlet.http.HttpServlet.service(HttpServlet.java:741)
		at org.apache.catalina.core.ApplicationFilterChain.internalDoFilter(ApplicationFilterChain.java:231)
		at org.apache.catalina.core.ApplicationFilterChain.doFilter(ApplicationFilterChain.java:166)
		at org.apache.tomcat.websocket.server.WsFilter.doFilter(WsFilter.java:53)
		at org.apache.catalina.core.ApplicationFilterChain.internalDoFilter(ApplicationFilterChain.java:193)
		at org.apache.catalina.core.ApplicationFilterChain.doFilter(ApplicationFilterChain.java:166)
		at org.apache.catalina.core.StandardWrapperValve.invoke(StandardWrapperValve.java:202)
		at org.apache.catalina.core.StandardContextValve.invoke(StandardContextValve.java:96)
		at org.apache.catalina.authenticator.AuthenticatorBase.invoke(AuthenticatorBase.java:526)
		at org.apache.catalina.core.StandardHostValve.invoke(StandardHostValve.java:139)
		at org.apache.catalina.valves.ErrorReportValve.invoke(ErrorReportValve.java:92)
		at org.apache.catalina.valves.AbstractAccessLogValve.invoke(AbstractAccessLogValve.java:678)
		at org.apache.catalina.core.StandardEngineValve.invoke(StandardEngineValve.java:74)
		at org.apache.catalina.connector.CoyoteAdapter.service(CoyoteAdapter.java:343)
		at org.apache.coyote.http11.Http11Processor.service(Http11Processor.java:408)
		at org.apache.coyote.AbstractProcessorLight.process(AbstractProcessorLight.java:66)
		at org.apache.coyote.AbstractProtocol$ConnectionHandler.process(AbstractProtocol.java:860)
		at org.apache.tomcat.util.net.NioEndpoint$SocketProcessor.doRun(NioEndpoint.java:1587)
		at org.apache.tomcat.util.net.SocketProcessorBase.run(SocketProcessorBase.java:49)
		at java.util.concurrent.ThreadPoolExecutor.runWorker(Unknown Source)
		at java.util.concurrent.ThreadPoolExecutor$Worker.run(Unknown Source)
		at org.apache.tomcat.util.threads.TaskThread$WrappingRunnable.run(TaskThread.java:61)
		at java.lang.Thread.run(Unknown Source)
19-Mar-2020 07:54:25.053 INFO [main] org.apache.catalina.core.ApplicationContext.log ContextListener: contextInitialized()
19-Mar-2020 07:54:25.054 INFO [main] org.apache.catalina.core.ApplicationContext.log SessionListener: contextInitialized()
19-Mar-2020 07:54:25.055 INFO [main] org.apache.catalina.core.ApplicationContext.log ContextListener: attributeAdded('StockTicker', 'async.Stockticker@152c4495')
19-Mar-2020 08:12:06.950 INFO [main] org.apache.catalina.core.ApplicationContext.log ContextListener: contextInitialized()
19-Mar-2020 08:12:06.950 INFO [main] org.apache.catalina.core.ApplicationContext.log SessionListener: contextInitialized()
19-Mar-2020 08:12:06.953 INFO [main] org.apache.catalina.core.ApplicationContext.log ContextListener: attributeAdded('StockTicker', 'async.Stockticker@152c4495')
19-Mar-2020 08:22:14.478 INFO [main] org.apache.catalina.core.ApplicationContext.log ContextListener: contextInitialized()
19-Mar-2020 08:22:14.479 INFO [main] org.apache.catalina.core.ApplicationContext.log SessionListener: contextInitialized()
19-Mar-2020 08:22:14.481 INFO [main] org.apache.catalina.core.ApplicationContext.log ContextListener: attributeAdded('StockTicker', 'async.Stockticker@152c4495')
19-Mar-2020 12:45:23.488 INFO [main] org.apache.catalina.core.ApplicationContext.log ContextListener: contextInitialized()
19-Mar-2020 12:45:23.488 INFO [main] org.apache.catalina.core.ApplicationContext.log SessionListener: contextInitialized()
19-Mar-2020 12:45:23.488 INFO [main] org.apache.catalina.core.ApplicationContext.log ContextListener: attributeAdded('StockTicker', 'async.Stockticker@152c4495')
19-Mar-2020 13:08:35.773 INFO [main] org.apache.catalina.core.ApplicationContext.log ContextListener: contextInitialized()
19-Mar-2020 13:08:35.773 INFO [main] org.apache.catalina.core.ApplicationContext.log SessionListener: contextInitialized()
19-Mar-2020 13:08:35.777 INFO [main] org.apache.catalina.core.ApplicationContext.log ContextListener: attributeAdded('StockTicker', 'async.Stockticker@152c4495')
19-Mar-2020 14:43:40.608 INFO [main] org.apache.catalina.core.ApplicationContext.log ContextListener: contextInitialized()
19-Mar-2020 14:43:40.608 INFO [main] org.apache.catalina.core.ApplicationContext.log SessionListener: contextInitialized()
19-Mar-2020 14:43:40.624 INFO [main] org.apache.catalina.core.ApplicationContext.log ContextListener: attributeAdded('StockTicker', 'async.Stockticker@152c4495')
19-Mar-2020 15:08:57.097 INFO [main] org.apache.catalina.core.ApplicationContext.log ContextListener: contextInitialized()
19-Mar-2020 15:08:57.097 INFO [main] org.apache.catalina.core.ApplicationContext.log SessionListener: contextInitialized()
19-Mar-2020 15:08:57.106 INFO [main] org.apache.catalina.core.ApplicationContext.log ContextListener: attributeAdded('StockTicker', 'async.Stockticker@36e43829')
19-Mar-2020 17:30:06.229 INFO [main] org.apache.catalina.core.ApplicationContext.log ContextListener: contextInitialized()
19-Mar-2020 17:30:06.229 INFO [main] org.apache.catalina.core.ApplicationContext.log SessionListener: contextInitialized()
19-Mar-2020 17:30:06.233 INFO [main] org.apache.catalina.core.ApplicationContext.log ContextListener: attributeAdded('StockTicker', 'async.Stockticker@152c4495')
19-Mar-2020 17:34:37.871 INFO [main] org.apache.catalina.core.ApplicationContext.log ContextListener: contextInitialized()
19-Mar-2020 17:34:37.871 INFO [main] org.apache.catalina.core.ApplicationContext.log SessionListener: contextInitialized()
19-Mar-2020 17:34:37.883 INFO [main] org.apache.catalina.core.ApplicationContext.log ContextListener: attributeAdded('StockTicker', 'async.Stockticker@152c4495')
19-Mar-2020 17:35:54.682 INFO [main] org.apache.catalina.core.ApplicationContext.log ContextListener: contextInitialized()
19-Mar-2020 17:35:54.682 INFO [main] org.apache.catalina.core.ApplicationContext.log SessionListener: contextInitialized()
19-Mar-2020 17:35:54.685 INFO [main] org.apache.catalina.core.ApplicationContext.log ContextListener: attributeAdded('StockTicker', 'async.Stockticker@152c4495')
